\BOOKMARK [0][-]{chapter.1}{معرفی سیستم حروف‌چینی علمی TeX}{}% 1
\BOOKMARK [1][-]{section.1.1}{مقدمه}{chapter.1}% 2
\BOOKMARK [1][-]{section.1.2}{چرا TeXیا LaTeX؟}{chapter.1}% 3
\BOOKMARK [1][-]{section.1.3}{ساختار فایل و روش استفاده}{chapter.1}% 4
\BOOKMARK [1][-]{section.1.4}{منابع آموزشی و فایل‌های نمونه}{chapter.1}% 5
\BOOKMARK [0][-]{chapter.2}{راهنمای نصب و استفاده از LaTeX }{}% 6
\BOOKMARK [1][-]{section.2.1}{مقدمه}{chapter.2}% 7
\BOOKMARK [1][-]{section.2.2}{نصب موتور اصلی TeX }{chapter.2}% 8
\BOOKMARK [2][-]{subsection.2.2.1}{نصب TeXLive 2020}{section.2.2}% 9
\BOOKMARK [2][-]{subsection.2.2.2}{نصب فونت‌های فارسی}{section.2.2}% 10
\BOOKMARK [1][-]{section.2.3}{سایر ابزارهای مفید}{chapter.2}% 11
\BOOKMARK [2][-]{subsection.2.3.1}{ادیتور Notepad++}{section.2.3}% 12
\BOOKMARK [2][-]{subsection.2.3.2}{نرم‌افزار Sumatra PDF}{section.2.3}% 13
\BOOKMARK [2][-]{subsection.2.3.3}{قالب پیشنهادیۀ دانشگاه یزد}{section.2.3}% 14
\BOOKMARK [2][-]{subsection.2.3.4}{کلاس پایان‌نامه دانشگاه یزد}{section.2.3}% 15
\BOOKMARK [2][-]{subsection.2.3.5}{تبدیل فایل‌های Word به LaTeX و برعکس}{section.2.3}% 16
\BOOKMARK [2][-]{subsection.2.3.6}{جزئیات فارسی نویسی در IPE Drawing}{section.2.3}% 17
\BOOKMARK [1][-]{section.2.4}{منابع آموزشی و فایل‌های نمونه}{chapter.2}% 18
\BOOKMARK [0][-]{chapter.3}{راهنمای استفاده از کلاس yazd-thesis}{}% 19
\BOOKMARK [1][-]{section.3.1}{مقدمه}{chapter.3}% 20
\BOOKMARK [1][-]{section.3.2}{این همه فایل؟!}{chapter.3}% 21
\BOOKMARK [1][-]{section.3.3}{از کجا شروع کنم؟}{chapter.3}% 22
\BOOKMARK [1][-]{section.3.4}{مطالب پایان‌نامه یا رساله را چطور بنویسم؟}{chapter.3}% 23
\BOOKMARK [2][-]{subsection.3.4.1}{نوشتن فصل‌ها}{section.3.4}% 24
\BOOKMARK [2][-]{subsection.3.4.2}{محیط‌های شماره‌دار نظیر قضیه و لم}{section.3.4}% 25
\BOOKMARK [2][-]{subsection.3.4.3}{الگوریتم‌ها}{section.3.4}% 26
\BOOKMARK [2][-]{subsection.3.4.4}{مراجع}{section.3.4}% 27
\BOOKMARK [2][-]{subsection.3.4.5}{واژه‌نامه فارسی به انگلیسی و برعکس}{section.3.4}% 28
\BOOKMARK [2][-]{subsection.3.4.6}{نمایه}{section.3.4}% 29
\BOOKMARK [2][-]{subsection.3.4.7}{تعریف نمادها و ایجاد فهرست نمادها}{section.3.4}% 30
\BOOKMARK [1][-]{section.3.5}{چاپ فایل پی دی اف}{chapter.3}% 31
\BOOKMARK [1][-]{section.3.6}{اگر سوالی داشتم، از کی بپرسم؟}{chapter.3}% 32
\BOOKMARK [2][-]{subsection.3.6.1}{سوالات پرتکرار}{section.3.6}% 33
\BOOKMARK [0][-]{chapter.4}{برخی نکات مفید}{}% 34
\BOOKMARK [1][-]{section.4.1}{فرایند تصویب پیشنهادیۀ پارسای تحصیلات تکمیلی}{chapter.4}% 35
\BOOKMARK [1][-]{section.4.2}{دستورالعمل نحوه برگزاری جلسات دفاع }{chapter.4}% 36
\BOOKMARK [2][-]{subsection.4.2.1}{هدف }{section.4.2}% 37
\BOOKMARK [2][-]{subsection.4.2.2}{الف\) فرآیند دفاع از پایان‌نامه / رساله }{section.4.2}% 38
\BOOKMARK [2][-]{subsection.4.2.3}{ب\) نکات قابل توجه در انجام فرایند دفاع قبل، حین و بعد از جلسه دفاع}{section.4.2}% 39
\BOOKMARK [2][-]{subsection.4.2.4}{ج\) دستورالعمل نحوه برگزاری جلسات دفاع: }{section.4.2}% 40
\BOOKMARK [2][-]{subsection.4.2.5}{فرایند دفاع از پارسای تحصیلات تکمیلی}{section.4.2}% 41
\BOOKMARK [1][-]{section.4.3}{توصیه‌های تحصیلات تکمیلی دانشگاه در خصوص پارساها}{chapter.4}% 42
\BOOKMARK [2][-]{subsection.4.3.1}{ بخش‌های رساله }{section.4.3}% 43
\BOOKMARK [2][-]{subsection.4.3.2}{ حروف‌نگاری \(تایپ\) رساله}{section.4.3}% 44
\BOOKMARK [2][-]{subsection.4.3.3}{ شماره‌گذاری}{section.4.3}% 45
\BOOKMARK [2][-]{subsection.4.3.4}{منابع و مآخذ}{section.4.3}% 46
\BOOKMARK [2][-]{subsection.4.3.5}{شیوه‌نامه پردیس فنی و مهندسی}{section.4.3}% 47
\BOOKMARK [1][-]{section.4.4}{آماده‌سازی فایل جهت همانندجویی}{chapter.4}% 48
\BOOKMARK [2][-]{subsection.4.4.1}{ دستورالعمل ورود اطلاعات پایان‌نامه کارشناسی ارشد/ رساله دکتری توسط دانشجو در سامانه Irandoc}{section.4.4}% 49
\BOOKMARK [2][-]{subsection.4.4.2}{برخی نکات نگارشی}{section.4.4}% 50
\BOOKMARK [1][-]{section.4.5}{چند راهکار ساده اما راهگشا!}{chapter.4}% 51
\BOOKMARK [0][-]{chapter.5}{بحث، نتیجه‌گیری و پیشنهادها}{}% 52
\BOOKMARK [1][-]{section.5.1}{ مقدمه}{chapter.5}% 53
\BOOKMARK [2][-]{subsection.5.1.1}{ بحث و جمع‌بندی }{section.5.1}% 54
\BOOKMARK [2][-]{subsection.5.1.2}{ پيشنهادها}{section.5.1}% 55
\BOOKMARK [0][-]{subsection.5.1.2}{منابع و مآخذ}{}% 56
\BOOKMARK [0][-]{appendix.Alph1}{‌دستورالعمل ثبت پیشنهادیه پارسای تحصیلات تکمیلی }{}% 57
\BOOKMARK [0][-]{section*.11}{واژه‌نامه انگلیسی به فارسی}{}% 58
