This is XeTeX, Version 3.14159265-2.6-0.999992 (TeX Live 2020/W32TeX) (preloaded format=xelatex 2021.9.30)  26 JAN 2022 10:17
entering extended mode
 restricted \write18 enabled.
 %&-line parsing enabled.
**yazd-thesis-template
(./yazd-thesis-template.tex
LaTeX2e <2020-02-02> patch level 5
L3 programming layer <2020-03-06> (./yazd-thesis.cls
Document Class: yazd-thesis 2022/01/01 v0.4 A template for the Yazd University
(c:/texlive/2020/texmf-dist/tex/latex/base/book.cls
Document Class: book 2019/12/20 v1.4l Standard LaTeX document class
(c:/texlive/2020/texmf-dist/tex/latex/base/bk11.clo
File: bk11.clo 2019/12/20 v1.4l Standard LaTeX file (size option)
)
\c@part=\count163
\c@chapter=\count164
\c@section=\count165
\c@subsection=\count166
\c@subsubsection=\count167
\c@paragraph=\count168
\c@subparagraph=\count169
\c@figure=\count170
\c@table=\count171
\abovecaptionskip=\skip47
\belowcaptionskip=\skip48
\bibindent=\dimen134
)
(c:/texlive/2020/texmf-dist/tex/latex/amscls/amsthm.sty
Package: amsthm 2017/10/31 v2.20.4
\thm@style=\toks15
\thm@bodyfont=\toks16
\thm@headfont=\toks17
\thm@notefont=\toks18
\thm@headpunct=\toks19
\thm@preskip=\skip49
\thm@postskip=\skip50
\thm@headsep=\skip51
\dth@everypar=\toks20
)
(c:/texlive/2020/texmf-dist/tex/latex/amsfonts/amssymb.sty
Package: amssymb 2013/01/14 v3.01 AMS font symbols

(c:/texlive/2020/texmf-dist/tex/latex/amsfonts/amsfonts.sty
Package: amsfonts 2013/01/14 v3.01 Basic AMSFonts support
\@emptytoks=\toks21
\symAMSa=\mathgroup4
\symAMSb=\mathgroup5
LaTeX Font Info:    Redeclaring math symbol \hbar on input line 98.
LaTeX Font Info:    Overwriting math alphabet `\mathfrak' in version `bold'
(Font)                  U/euf/m/n --> U/euf/b/n on input line 106.
))
(c:/texlive/2020/texmf-dist/tex/latex/amsmath/amsmath.sty
Package: amsmath 2020/01/20 v2.17e AMS math features
\@mathmargin=\skip52

For additional information on amsmath, use the `?' option.
(c:/texlive/2020/texmf-dist/tex/latex/amsmath/amstext.sty
Package: amstext 2000/06/29 v2.01 AMS text

(c:/texlive/2020/texmf-dist/tex/latex/amsmath/amsgen.sty
File: amsgen.sty 1999/11/30 v2.0 generic functions
\@emptytoks=\toks22
\ex@=\dimen135
))
(c:/texlive/2020/texmf-dist/tex/latex/amsmath/amsbsy.sty
Package: amsbsy 1999/11/29 v1.2d Bold Symbols
\pmbraise@=\dimen136
)
(c:/texlive/2020/texmf-dist/tex/latex/amsmath/amsopn.sty
Package: amsopn 2016/03/08 v2.02 operator names
)
\inf@bad=\count172
LaTeX Info: Redefining \frac on input line 227.
\uproot@=\count173
\leftroot@=\count174
LaTeX Info: Redefining \overline on input line 389.
\classnum@=\count175
\DOTSCASE@=\count176
LaTeX Info: Redefining \ldots on input line 486.
LaTeX Info: Redefining \dots on input line 489.
LaTeX Info: Redefining \cdots on input line 610.
\Mathstrutbox@=\box45
\strutbox@=\box46
\big@size=\dimen137
LaTeX Font Info:    Redeclaring font encoding OML on input line 733.
LaTeX Font Info:    Redeclaring font encoding OMS on input line 734.
\macc@depth=\count177
\c@MaxMatrixCols=\count178
\dotsspace@=\muskip16
\c@parentequation=\count179
\dspbrk@lvl=\count180
\tag@help=\toks23
\row@=\count181
\column@=\count182
\maxfields@=\count183
\andhelp@=\toks24
\eqnshift@=\dimen138
\alignsep@=\dimen139
\tagshift@=\dimen140
\tagwidth@=\dimen141
\totwidth@=\dimen142
\lineht@=\dimen143
\@envbody=\toks25
\multlinegap=\skip53
\multlinetaggap=\skip54
\mathdisplay@stack=\toks26
LaTeX Info: Redefining \[ on input line 2859.
LaTeX Info: Redefining \] on input line 2860.
)
(c:/texlive/2020/texmf-dist/tex/latex/tools/calc.sty
Package: calc 2017/05/25 v4.3 Infix arithmetic (KKT,FJ)
\calc@Acount=\count184
\calc@Bcount=\count185
\calc@Adimen=\dimen144
\calc@Bdimen=\dimen145
\calc@Askip=\skip55
\calc@Bskip=\skip56
LaTeX Info: Redefining \setlength on input line 80.
LaTeX Info: Redefining \addtolength on input line 81.
\calc@Ccount=\count186
\calc@Cskip=\skip57
)
(c:/texlive/2020/texmf-dist/tex/latex/geometry/geometry.sty
Package: geometry 2020/01/02 v5.9 Page Geometry

(c:/texlive/2020/texmf-dist/tex/latex/graphics/keyval.sty
Package: keyval 2014/10/28 v1.15 key=value parser (DPC)
\KV@toks@=\toks27
)
(c:/texlive/2020/texmf-dist/tex/generic/iftex/ifvtex.sty
Package: ifvtex 2019/10/25 v1.7 ifvtex legacy package. Use iftex instead.

(c:/texlive/2020/texmf-dist/tex/generic/iftex/iftex.sty
Package: iftex 2020/03/06 v1.0d TeX engine tests
))
\Gm@cnth=\count187
\Gm@cntv=\count188
\c@Gm@tempcnt=\count189
\Gm@bindingoffset=\dimen146
\Gm@wd@mp=\dimen147
\Gm@odd@mp=\dimen148
\Gm@even@mp=\dimen149
\Gm@layoutwidth=\dimen150
\Gm@layoutheight=\dimen151
\Gm@layouthoffset=\dimen152
\Gm@layoutvoffset=\dimen153
\Gm@dimlist=\toks28
)
(c:/texlive/2020/texmf-dist/tex/latex/graphics/graphicx.sty
Package: graphicx 2019/11/30 v1.2a Enhanced LaTeX Graphics (DPC,SPQR)

(c:/texlive/2020/texmf-dist/tex/latex/graphics/graphics.sty
Package: graphics 2019/11/30 v1.4a Standard LaTeX Graphics (DPC,SPQR)

(c:/texlive/2020/texmf-dist/tex/latex/graphics/trig.sty
Package: trig 2016/01/03 v1.10 sin cos tan (DPC)
)
(c:/texlive/2020/texmf-dist/tex/latex/graphics-cfg/graphics.cfg
File: graphics.cfg 2016/06/04 v1.11 sample graphics configuration
)
Package graphics Info: Driver file: xetex.def on input line 105.

(c:/texlive/2020/texmf-dist/tex/latex/graphics-def/xetex.def
File: xetex.def 2017/06/24 v5.0h Graphics/color driver for xetex
))
\Gin@req@height=\dimen154
\Gin@req@width=\dimen155
)
(c:/texlive/2020/texmf-dist/tex/latex/tools/array.sty
Package: array 2019/08/31 v2.4l Tabular extension package (FMi)
\col@sep=\dimen156
\ar@mcellbox=\box47
\extrarowheight=\dimen157
\NC@list=\toks29
\extratabsurround=\skip58
\backup@length=\skip59
\ar@cellbox=\box48
)
(c:/texlive/2020/texmf-dist/tex/latex/tools/multicol.sty
Package: multicol 2019/12/09 v1.8y multicolumn formatting (FMi)
\c@tracingmulticols=\count190
\mult@box=\box49
\multicol@leftmargin=\dimen158
\c@unbalance=\count191
\c@collectmore=\count192
\doublecol@number=\count193
\multicoltolerance=\count194
\multicolpretolerance=\count195
\full@width=\dimen159
\page@free=\dimen160
\premulticols=\dimen161
\postmulticols=\dimen162
\multicolsep=\skip60
\multicolbaselineskip=\skip61
\partial@page=\box50
\last@line=\box51
\maxbalancingoverflow=\dimen163
\mult@rightbox=\box52
\mult@grightbox=\box53
\mult@gfirstbox=\box54
\mult@firstbox=\box55
\@tempa=\box56
\@tempa=\box57
\@tempa=\box58
\@tempa=\box59
\@tempa=\box60
\@tempa=\box61
\@tempa=\box62
\@tempa=\box63
\@tempa=\box64
\@tempa=\box65
\@tempa=\box66
\@tempa=\box67
\@tempa=\box68
\@tempa=\box69
\@tempa=\box70
\@tempa=\box71
\@tempa=\box72
\@tempa=\box73
\@tempa=\box74
\@tempa=\box75
\@tempa=\box76
\@tempa=\box77
\@tempa=\box78
\@tempa=\box79
\@tempa=\box80
\@tempa=\box81
\@tempa=\box82
\@tempa=\box83
\@tempa=\box84
\@tempa=\box85
\@tempa=\box86
\@tempa=\box87
\@tempa=\box88
\@tempa=\box89
\@tempa=\box90
\@tempa=\box91
\@tempa=\box92
\c@minrows=\count196
\c@columnbadness=\count197
\c@finalcolumnbadness=\count198
\last@try=\dimen164
\multicolovershoot=\dimen165
\multicolundershoot=\dimen166
\mult@nat@firstbox=\box93
\colbreak@box=\box94
\mc@col@check@num=\count199
)
(c:/texlive/2020/texmf-dist/tex/latex/fancyhdr/fancyhdr.sty
Package: fancyhdr 2019/01/31 v3.10 Extensive control of page headers and footer
s
\f@nch@headwidth=\skip62
\f@nch@O@elh=\skip63
\f@nch@O@erh=\skip64
\f@nch@O@olh=\skip65
\f@nch@O@orh=\skip66
\f@nch@O@elf=\skip67
\f@nch@O@erf=\skip68
\f@nch@O@olf=\skip69
\f@nch@O@orf=\skip70
)
(c:/texlive/2020/texmf-dist/tex/latex/tocbibind/tocbibind.sty
Package: tocbibind 2010/10/13 v1.5k extra ToC listings
Package tocbibind Info: The document has chapter divisions on input line 50.


Package tocbibind Note: Using chapter style headings, unless overridden.

) (c:/texlive/2020/texmf-dist/tex/latex/zref/zref-perpage.sty
Package: zref-perpage 2020-03-03 v2.29 Module perpage for zref (HO)

(c:/texlive/2020/texmf-dist/tex/latex/zref/zref-base.sty
Package: zref-base 2020-03-03 v2.29 Module base for zref (HO)

(c:/texlive/2020/texmf-dist/tex/generic/ltxcmds/ltxcmds.sty
Package: ltxcmds 2019/12/15 v1.24 LaTeX kernel commands for general use (HO)
)
(c:/texlive/2020/texmf-dist/tex/generic/infwarerr/infwarerr.sty
Package: infwarerr 2019/12/03 v1.5 Providing info/warning/error messages (HO)
)
(c:/texlive/2020/texmf-dist/tex/generic/kvsetkeys/kvsetkeys.sty
Package: kvsetkeys 2019/12/15 v1.18 Key value parser (HO)
)
(c:/texlive/2020/texmf-dist/tex/generic/kvdefinekeys/kvdefinekeys.sty
Package: kvdefinekeys 2019-12-19 v1.6 Define keys (HO)
)
(c:/texlive/2020/texmf-dist/tex/latex/pdftexcmds/pdftexcmds.sty
Package: pdftexcmds 2019/11/24 v0.31 Utility functions of pdfTeX for LuaTeX (HO
)
Package pdftexcmds Info: \pdf@primitive is available.
Package pdftexcmds Info: \pdf@ifprimitive is available.
Package pdftexcmds Info: \pdfdraftmode not found.
)
(c:/texlive/2020/texmf-dist/tex/generic/etexcmds/etexcmds.sty
Package: etexcmds 2019/12/15 v1.7 Avoid name clashes with e-TeX commands (HO)
)
(c:/texlive/2020/texmf-dist/tex/latex/auxhook/auxhook.sty
Package: auxhook 2019-12-17 v1.6 Hooks for auxiliary files (HO)
)
Package zref Info: New property list: main on input line 763.
Package zref Info: New property: default on input line 764.
Package zref Info: New property: page on input line 765.
)
(c:/texlive/2020/texmf-dist/tex/latex/zref/zref-abspage.sty
Package: zref-abspage 2020-03-03 v2.29 Module abspage for zref (HO)

(c:/texlive/2020/texmf-dist/tex/generic/atbegshi/atbegshi.sty
Package: atbegshi 2019/12/05 v1.19 At begin shipout hook (HO)
)
\c@abspage=\count266
Package zref Info: New property: abspage on input line 66.
)
Package zref Info: New property: pagevalue on input line 58.
Package zref Info: New property list: perpage on input line 59.
\c@zpage=\count267
\c@zref@unique=\count268
)
(c:/texlive/2020/texmf-dist/tex/latex/base/makeidx.sty
Package: makeidx 2014/09/29 v1.0m Standard LaTeX package
)
\@indexfile=\write3
\openout3 = `yazd-thesis-template.idx'.


Writing index file yazd-thesis-template.idx
(c:/texlive/2020/texmf-dist/tex/latex/xcolor/xcolor.sty
Package: xcolor 2016/05/11 v2.12 LaTeX color extensions (UK)

(c:/texlive/2020/texmf-dist/tex/latex/graphics-cfg/color.cfg
File: color.cfg 2016/01/02 v1.6 sample color configuration
)
Package xcolor Info: Driver file: xetex.def on input line 225.
Package xcolor Info: Model `cmy' substituted by `cmy0' on input line 1348.
Package xcolor Info: Model `RGB' extended on input line 1364.
Package xcolor Info: Model `HTML' substituted by `rgb' on input line 1366.
Package xcolor Info: Model `Hsb' substituted by `hsb' on input line 1367.
Package xcolor Info: Model `tHsb' substituted by `hsb' on input line 1368.
Package xcolor Info: Model `HSB' substituted by `hsb' on input line 1369.
Package xcolor Info: Model `Gray' substituted by `gray' on input line 1370.
Package xcolor Info: Model `wave' substituted by `hsb' on input line 1371.
)
(c:/texlive/2020/texmf-dist/tex/latex/hyperref/hyperref.sty
Package: hyperref 2020/01/14 v7.00d Hypertext links for LaTeX

(c:/texlive/2020/texmf-dist/tex/generic/pdfescape/pdfescape.sty
Package: pdfescape 2019/12/09 v1.15 Implements pdfTeX's escape features (HO)
)
(c:/texlive/2020/texmf-dist/tex/latex/hycolor/hycolor.sty
Package: hycolor 2020-01-27 v1.10 Color options for hyperref/bookmark (HO)
)
(c:/texlive/2020/texmf-dist/tex/latex/letltxmacro/letltxmacro.sty
Package: letltxmacro 2019/12/03 v1.6 Let assignment for LaTeX macros (HO)
)
(c:/texlive/2020/texmf-dist/tex/latex/kvoptions/kvoptions.sty
Package: kvoptions 2019/11/29 v3.13 Key value format for package options (HO)
)
\@linkdim=\dimen167
\Hy@linkcounter=\count269
\Hy@pagecounter=\count270

(c:/texlive/2020/texmf-dist/tex/latex/hyperref/pd1enc.def
File: pd1enc.def 2020/01/14 v7.00d Hyperref: PDFDocEncoding definition (HO)
)
(c:/texlive/2020/texmf-dist/tex/generic/intcalc/intcalc.sty
Package: intcalc 2019/12/15 v1.3 Expandable calculations with integers (HO)
)
\Hy@SavedSpaceFactor=\count271
Package hyperref Info: Hyper figures OFF on input line 4547.
Package hyperref Info: Link nesting OFF on input line 4552.
Package hyperref Info: Hyper index ON on input line 4555.
Package hyperref Info: Plain pages OFF on input line 4562.
Package hyperref Info: Backreferencing OFF on input line 4567.
Package hyperref Info: Implicit mode ON; LaTeX internals redefined.
Package hyperref Info: Bookmarks ON on input line 4800.
\c@Hy@tempcnt=\count272

(c:/texlive/2020/texmf-dist/tex/latex/url/url.sty
\Urlmuskip=\muskip17
Package: url 2013/09/16  ver 3.4  Verb mode for urls, etc.
)
LaTeX Info: Redefining \url on input line 5159.
\XeTeXLinkMargin=\dimen168

(c:/texlive/2020/texmf-dist/tex/generic/bitset/bitset.sty
Package: bitset 2019/12/09 v1.3 Handle bit-vector datatype (HO)

(c:/texlive/2020/texmf-dist/tex/generic/bigintcalc/bigintcalc.sty
Package: bigintcalc 2019/12/15 v1.5 Expandable calculations on big integers (HO
)
))
\Fld@menulength=\count273
\Field@Width=\dimen169
\Fld@charsize=\dimen170
Package hyperref Info: Hyper figures OFF on input line 6430.
Package hyperref Info: Link nesting OFF on input line 6435.
Package hyperref Info: Hyper index ON on input line 6438.
Package hyperref Info: backreferencing OFF on input line 6445.
Package hyperref Info: Link coloring OFF on input line 6450.
Package hyperref Info: Link coloring with OCG OFF on input line 6455.
Package hyperref Info: PDF/A mode OFF on input line 6460.
LaTeX Info: Redefining \ref on input line 6500.
LaTeX Info: Redefining \pageref on input line 6504.
\Hy@abspage=\count274
\c@Item=\count275
\c@Hfootnote=\count276
)
Package hyperref Info: Driver (autodetected): hxetex.

(c:/texlive/2020/texmf-dist/tex/latex/hyperref/hxetex.def
File: hxetex.def 2020/01/14 v7.00d Hyperref driver for XeTeX

(c:/texlive/2020/texmf-dist/tex/latex/hyperref/puenc.def
File: puenc.def 2020/01/14 v7.00d Hyperref: PDF Unicode definition (HO)
)
(c:/texlive/2020/texmf-dist/tex/generic/stringenc/stringenc.sty
Package: stringenc 2019/11/29 v1.12 Convert strings between diff. encodings (HO
)
)
\pdfm@box=\box95
\c@Hy@AnnotLevel=\count277
\HyField@AnnotCount=\count278
\Fld@listcount=\count279
\c@bookmark@seq@number=\count280

(c:/texlive/2020/texmf-dist/tex/latex/rerunfilecheck/rerunfilecheck.sty
Package: rerunfilecheck 2019/12/05 v1.9 Rerun checks for auxiliary files (HO)

(c:/texlive/2020/texmf-dist/tex/latex/atveryend/atveryend.sty
Package: atveryend 2019-12-11 v1.11 Hooks at the very end of document (HO)
Package atveryend Info: \enddocument detected (standard20110627).
)
(c:/texlive/2020/texmf-dist/tex/generic/uniquecounter/uniquecounter.sty
Package: uniquecounter 2019/12/15 v1.4 Provide unlimited unique counter (HO)
)
Package uniquecounter Info: New unique counter `rerunfilecheck' on input line 2
86.
)
\Hy@SectionHShift=\skip71
)
(c:/texlive/2020/texmf-dist/tex/latex/tocloft/tocloft.sty
Package: tocloft 2017/08/31 v2.3i parameterised ToC, etc., typesetting
Package tocloft Info: The document has chapter divisions on input line 51.
\cftparskip=\skip72
\cftbeforetoctitleskip=\skip73
\cftaftertoctitleskip=\skip74
\cftbeforepartskip=\skip75
\cftpartnumwidth=\skip76
\cftpartindent=\skip77
\cftbeforechapskip=\skip78
\cftchapindent=\skip79
\cftchapnumwidth=\skip80
\cftbeforesecskip=\skip81
\cftsecindent=\skip82
\cftsecnumwidth=\skip83
\cftbeforesubsecskip=\skip84
\cftsubsecindent=\skip85
\cftsubsecnumwidth=\skip86
\cftbeforesubsubsecskip=\skip87
\cftsubsubsecindent=\skip88
\cftsubsubsecnumwidth=\skip89
\cftbeforeparaskip=\skip90
\cftparaindent=\skip91
\cftparanumwidth=\skip92
\cftbeforesubparaskip=\skip93
\cftsubparaindent=\skip94
\cftsubparanumwidth=\skip95
\cftbeforeloftitleskip=\skip96
\cftafterloftitleskip=\skip97
\cftbeforefigskip=\skip98
\cftfigindent=\skip99
\cftfignumwidth=\skip100
\c@lofdepth=\count281
\c@lotdepth=\count282
\cftbeforelottitleskip=\skip101
\cftafterlottitleskip=\skip102
\cftbeforetabskip=\skip103
\cfttabindent=\skip104
\cfttabnumwidth=\skip105
))
(c:/texlive/2020/texmf-dist/tex/latex/pst-barcode/pst-barcode.sty
(c:/texlive/2020/texmf-dist/tex/latex/pstricks/pstricks.sty
Package: pstricks 2018/12/21 v0.69 LaTeX wrapper for `PSTricks' (RN,HV)

(c:/texlive/2020/texmf-dist/tex/latex/tools/shellesc.sty
Package: shellesc 2019/11/08 v1.0c unified shell escape interface for LaTeX
Package shellesc Info: Restricted shell escape enabled on input line 77.
)
(c:/texlive/2020/texmf-dist/tex/generic/xkeyval/pst-xkey.tex
File: pst-xkey.tex 2005/11/25 v1.6 PSTricks specialization of xkeyval (HA)

(c:/texlive/2020/texmf-dist/tex/latex/xkeyval/xkeyval.sty
Package: xkeyval 2014/12/03 v2.7a package option processing (HA)

(c:/texlive/2020/texmf-dist/tex/generic/xkeyval/xkeyval.tex
(c:/texlive/2020/texmf-dist/tex/generic/xkeyval/xkvutils.tex
\XKV@toks=\toks30
\XKV@tempa@toks=\toks31
)
\XKV@depth=\count283
File: xkeyval.tex 2014/12/03 v2.7a key=value parser (HA)
)))
(c:/texlive/2020/texmf-dist/tex/generic/pstricks/pstricks.tex
(c:/texlive/2020/texmf-dist/tex/generic/pstricks/pst-fp.tex
`pst-fp' v0.05, 2010/01/17 (hv)
\pstFP@xs=\count284
\pstFP@xia=\count285
\pstFP@xib=\count286
\pstFP@xfa=\count287
\pstFP@xfb=\count288
\pstFP@rega=\count289
\pstFP@regb=\count290
\pstFP@regs=\count291
\pstFP@times=\count292
)
(c:/texlive/2020/texmf-dist/tex/generic/pgf/utilities/pgfutil-common.tex
\pgfutil@everybye=\toks32
\pgfutil@tempdima=\dimen171
\pgfutil@tempdimb=\dimen172

(c:/texlive/2020/texmf-dist/tex/generic/pgf/utilities/pgfutil-common-lists.tex)
) (c:/texlive/2020/texmf-dist/tex/generic/pgf/utilities/pgfkeys.code.tex
\pgfkeys@pathtoks=\toks33
\pgfkeys@temptoks=\toks34

(c:/texlive/2020/texmf-dist/tex/generic/pgf/utilities/pgfkeysfiltered.code.tex
\pgfkeys@tmptoks=\toks35
)) (c:/texlive/2020/texmf-dist/tex/generic/pgf/utilities/pgffor.code.tex
Loading pgffor.code.tex
(c:/texlive/2020/texmf-dist/tex/generic/pgf/math/pgfmath.code.tex
(c:/texlive/2020/texmf-dist/tex/generic/pgf/math/pgfmathcalc.code.tex
(c:/texlive/2020/texmf-dist/tex/generic/pgf/math/pgfmathutil.code.tex
\pgf@x=\dimen173
\pgf@xa=\dimen174
\pgf@xb=\dimen175
\pgf@xc=\dimen176
\pgf@y=\dimen177
\pgf@ya=\dimen178
\pgf@yb=\dimen179
\pgf@yc=\dimen180
\c@pgf@counta=\count293
\c@pgf@countb=\count294
\c@pgf@countc=\count295
\c@pgf@countd=\count296
\pgfutil@tempcnta=\count297
\pgfutil@tempcntb=\count298
)
(c:/texlive/2020/texmf-dist/tex/generic/pgf/math/pgfmathparser.code.tex
\pgfmath@dimen=\dimen181
\pgfmath@count=\count299
\pgfmath@box=\box96
\pgfmath@toks=\toks36
\pgfmath@stack@operand=\toks37
\pgfmath@stack@operation=\toks38
)
(c:/texlive/2020/texmf-dist/tex/generic/pgf/math/pgfmathfunctions.code.tex
(c:/texlive/2020/texmf-dist/tex/generic/pgf/math/pgfmathfunctions.basic.code.te
x)
(c:/texlive/2020/texmf-dist/tex/generic/pgf/math/pgfmathfunctions.trigonometric
.code.tex)
(c:/texlive/2020/texmf-dist/tex/generic/pgf/math/pgfmathfunctions.random.code.t
ex)
(c:/texlive/2020/texmf-dist/tex/generic/pgf/math/pgfmathfunctions.comparison.co
de.tex)
(c:/texlive/2020/texmf-dist/tex/generic/pgf/math/pgfmathfunctions.base.code.tex
)
(c:/texlive/2020/texmf-dist/tex/generic/pgf/math/pgfmathfunctions.round.code.te
x)
(c:/texlive/2020/texmf-dist/tex/generic/pgf/math/pgfmathfunctions.misc.code.tex
)
(c:/texlive/2020/texmf-dist/tex/generic/pgf/math/pgfmathfunctions.integerarithm
etics.code.tex)))
(c:/texlive/2020/texmf-dist/tex/generic/pgf/math/pgfmathfloat.code.tex
\c@pgfmathroundto@lastzeros=\count300
))
\pgffor@iter=\dimen182
\pgffor@skip=\dimen183
\pgffor@stack=\toks39
\pgffor@toks=\toks40
)
\psLoopIndex=\count301

`PSTricks' v2.97  <2019/05/11> (tvz,hv)
\pst@dima=\dimen184
\pst@dimb=\dimen185
\pst@dimc=\dimen186
\pst@dimd=\dimen187
\pst@dimg=\dimen188
\pst@dimh=\dimen189
\pst@dimm=\dimen190
\pst@dimn=\dimen191
\pst@dimo=\dimen192
\pst@dimp=\dimen193
\pst@hbox=\box97
\pst@ibox=\box98
\pst@boxg=\box99
\pst@cnta=\count302
\pst@cntb=\count303
\pst@cntc=\count304
\pst@cntd=\count305
\pst@cntg=\count306
\pst@cnth=\count307
\pst@cntm=\count308
\pst@cntn=\count309
\pst@cnto=\count310
\pst@cntp=\count311
\@zero=\count312
\pst@toks=\toks41
(c:/texlive/2020/texmf-dist/tex/xelatex/xetex-pstricks/pstricks.con
(c:/texlive/2020/texmf-dist/tex/generic/pstricks/config/xdvipdfmx.cfg))
\psunit=\dimen194
\psxunit=\dimen195
\psyunit=\dimen196
\pst@C@@rType=\count313
\pslinewidth=\dimen197
\psk@startLW=\dimen198
\psk@endLW=\dimen199
\pst@customdefs=\toks42
\pslinearc=\dimen256
\pst@symbolStep=\dimen257
\pst@symbolWidth=\dimen258
\pst@symbolLinewidth=\dimen259
\everypsbox=\toks43
\psframesep=\dimen260
\pslabelsep=\dimen261
\sh@wgridXunit=\dimen262
\sh@wgridYunit=\dimen263
\pst@shift=\dimen264

(c:/texlive/2020/texmf-dist/tex/xelatex/xetex-pstricks/pstricks.con
(c:/texlive/2020/texmf-dist/tex/generic/pstricks/config/xdvipdfmx.cfg
Using PSTricks configuration for XeTeX+xdvipdfmx
)))
File: pstricks.tex 2019/05/11 v2.97 `PSTricks' (tvz,hv)
 (c:/texlive/2020/texmf-dist/tex/generic/pstricks/pst-fp.tex)
File: pst-fp.tex 2019/05/11 v2.97 `PST-fp' (hv)

>>> Loading XeTeX special macros
(c:/texlive/2020/texmf-dist/tex/generic/pstricks/pstricks-xetex.def))
Package: pst-barcode 2016/04/22 package wrapper for pst-barcode.tex (hv)

(c:/texlive/2020/texmf-dist/tex/generic/pst-barcode/pst-barcode.tex
`PST-barcode' v0.18, 2017/08/22 (tb,hv)
(c:/texlive/2020/texmf-dist/tex/latex/marginnote/marginnote.sty
Package: marginnote 2018/08/09 v1.4b non floating margin notes for LaTeX
\c@mn@abspage=\count314
)
\QR@box=\box100
)
File: pst-barcode.tex 2017/08/22 v0.18 `PST-barcode' (hv)
)
(c:/texlive/2020/texmf-dist/tex/latex/pdfpages/pdfpages.sty
Package: pdfpages 2020/01/28 v0.5q Insert pages of external PDF documents (AM)

(c:/texlive/2020/texmf-dist/tex/latex/base/ifthen.sty
Package: ifthen 2014/09/29 v1.1c Standard LaTeX ifthen package (DPC)
)
(c:/texlive/2020/texmf-dist/tex/latex/eso-pic/eso-pic.sty
Package: eso-pic 2018/04/12 v2.0h eso-pic (RN)
)
\AM@pagewidth=\dimen265
\AM@pageheight=\dimen266

(c:/texlive/2020/texmf-dist/tex/latex/pdfpages/ppxetex.def
File: ppxetex.def 2020/01/28 v0.5q Pdfpages driver for XeTeX (AM)
)
\AM@pagebox=\box101
\AM@global@opts=\toks44
\AM@pagecnt=\count315
\AM@toc@title=\toks45
\c@AM@survey=\count316
\AM@templatesizebox=\box102
)
(c:/texlive/2020/texmf-dist/tex/latex/algorithm2e/algorithm2e.sty
Invalid UTF-8 byte or sequence at line 284 replaced by U+FFFD.
Invalid UTF-8 byte or sequence at line 299 replaced by U+FFFD.
Invalid UTF-8 byte or sequence at line 550 replaced by U+FFFD.
Package: algorithm2e 2017/07/18 v5.2 algorithms environments
\c@AlgoLine=\count317
\algocf@hangindent=\skip106

(c:/texlive/2020/texmf-dist/tex/latex/ifoddpage/ifoddpage.sty
Package: ifoddpage 2016/04/23 v1.1 Conditionals for odd/even page detection
\c@checkoddpage=\count318
)
(c:/texlive/2020/texmf-dist/tex/latex/tools/xspace.sty
Package: xspace 2014/10/28 v1.13 Space after command names (DPC,MH)
)
(c:/texlive/2020/texmf-dist/tex/latex/relsize/relsize.sty
Package: relsize 2013/03/29 ver 4.1
)
\skiptotal=\skip107
\skiplinenumber=\skip108
\skiprule=\skip109
\skiphlne=\skip110
\skiptext=\skip111
\skiplength=\skip112
\algomargin=\skip113
\skipalgocfslide=\skip114
\algowidth=\dimen267
\inoutsize=\dimen268
\inoutindent=\dimen269
\interspacetitleruled=\dimen270
\interspacealgoruled=\dimen271
\interspacetitleboxruled=\dimen272
\algocf@ruledwidth=\skip115
\algocf@inoutbox=\box103
\algocf@inputbox=\box104
\AlCapSkip=\skip116
\AlCapHSkip=\skip117
\algoskipindent=\skip118
\algocf@nlbox=\box105
\algocf@hangingbox=\box106
\algocf@untilbox=\box107
\algocf@skipuntil=\skip119
\algocf@capbox=\box108
\algocf@lcaptionbox=\skip120
\algoheightruledefault=\skip121
\algoheightrule=\skip122
\algotitleheightruledefault=\skip123
\algotitleheightrule=\skip124
\c@algocfline=\count319
\c@algocfproc=\count320
\c@algocf=\count321
\algocf@algoframe=\box109
\algocf@algobox=\box110
)
(c:/texlive/2020/texmf-dist/tex/xelatex/xepersian/xepersian.sty
Package: xepersian 2020-01-31 v22.8 Persian typesetting in XeLaTeX

(c:/texlive/2020/texmf-dist/tex/latex/fontspec/fontspec.sty
(c:/texlive/2020/texmf-dist/tex/latex/l3packages/xparse/xparse.sty
(c:/texlive/2020/texmf-dist/tex/latex/l3kernel/expl3.sty
Package: expl3 2020-03-06 L3 programming layer (loader) 

(c:/texlive/2020/texmf-dist/tex/latex/l3backend/l3backend-xdvipdfmx.def
File: l3backend-xdvipdfmx.def 2020-03-12 L3 backend support: xdvipdfmx
\g__graphics_track_int=\count322
\l__pdf_internal_box=\box111
\g__pdf_backend_object_int=\count323
\g__pdf_backend_annotation_int=\count324
))
Package: xparse 2020-03-06 L3 Experimental document command parser
\l__xparse_current_arg_int=\count325
\g__xparse_grabber_int=\count326
\l__xparse_m_args_int=\count327
\l__xparse_v_nesting_int=\count328
)
Package: fontspec 2020/02/21 v2.7i Font selection for XeLaTeX and LuaLaTeX

(c:/texlive/2020/texmf-dist/tex/latex/fontspec/fontspec-xetex.sty
Package: fontspec-xetex 2020/02/21 v2.7i Font selection for XeLaTeX and LuaLaTe
X
\l__fontspec_script_int=\count329
\l__fontspec_language_int=\count330
\l__fontspec_strnum_int=\count331
\l__fontspec_tmp_int=\count332
\l__fontspec_tmpa_int=\count333
\l__fontspec_tmpb_int=\count334
\l__fontspec_tmpc_int=\count335
\l__fontspec_em_int=\count336
\l__fontspec_emdef_int=\count337
\l__fontspec_strong_int=\count338
\l__fontspec_strongdef_int=\count339
\l__fontspec_tmpa_dim=\dimen273
\l__fontspec_tmpb_dim=\dimen274
\l__fontspec_tmpc_dim=\dimen275

(c:/texlive/2020/texmf-dist/tex/latex/base/fontenc.sty
Package: fontenc 2020/02/11 v2.0o Standard LaTeX package
)
(c:/texlive/2020/texmf-dist/tex/latex/fontspec/fontspec.cfg)))
(c:/texlive/2020/texmf-dist/tex/xelatex/xepersian/xepersian-persiancal.sty
Package: xepersian-persiancal 2012/07/25 v0.2 provides Persian calendar
\XePersian@i=\count340
\XePersian@y=\count341
\XePersian@m=\count342
\XePersian@d=\count343
\XePersian@latini=\count344
\XePersian@persiani=\count345
\XePersian@latinii=\count346
\XePersian@persianii=\count347
\XePersian@latiniii=\count348
\XePersian@persianiii=\count349
\XePersian@latiniv=\count350
\XePersian@persianiv=\count351
\XePersian@latinv=\count352
\XePersian@persianv=\count353
\XePersian@latinvi=\count354
\XePersian@persianvi=\count355
\XePersian@latinvii=\count356
\XePersian@persianvii=\count357
\XePersian@latinviii=\count358
\XePersian@persianviii=\count359
\XePersian@latinix=\count360
\XePersian@persianix=\count361
\XePersian@latinx=\count362
\XePersian@persianx=\count363
\XePersian@latinxi=\count364
\XePersian@persianxi=\count365
\XePersian@latinxii=\count366
\XePersian@persianxii=\count367
\XePersian@persianxiii=\count368
\XePersian@temp=\count369
\XePersian@temptwo=\count370
\XePersian@tempthree=\count371
\XePersian@yModHundred=\count372
\XePersian@thirtytwo=\count373
\XePersian@dn=\count374
\XePersian@sn=\count375
\XePersian@mminusone=\count376
)
(c:/texlive/2020/texmf-dist/tex/xelatex/xepersian/xepersian-mathsdigitspec.sty
Package: xepersian-mathsdigitspec 2018/12/16 v1.1.7 Unicode Persian maths digit
s in XeLaTeX
) (c:/texlive/2020/texmf-dist/tex/xelatex/bidi/bidi.sty
Package: bidi 2020-01-29 v35.11 Bidirectional typesetting in plain TeX and LaTe
X

****************************************************
* 
* bidi package (Bidirectional typesetting in
* plain TeX and LaTeX, using XeTeX engine)
* 
* Description: A convenient interface for
* typesetting bidirectional texts in plain TeX
* and LaTeX. The package includes adaptations
* for use with many other commonly-used packages.
* 
* Copyright (c) 2009--2019 Vafa Khalighi
* 2018-2020 bidi-tex GitHub Organisation
* 
* v35.11, 2020-01-29
* 
* License: LaTeX Project Public License, version
* 1.3c or higher (your choice)
* 
* Location on CTAN: /macros/xetex/latex/bidi
* 
* Issue tracker: https://github.com/bidi-tex/bidi/issues
* 
****************************************************
(c:/texlive/2020/texmf-dist/tex/xelatex/bidi/biditools.sty
Package: biditools 2020-01-29 v1.10 Programming tools for bidi package
\@bidi@envbody=\toks46
\@bidi@emptytoks=\toks47
\bidi@tempcountb=\count377
\bidi@temptoksa=\toks48
\bidi@temptoksb=\toks49
\bidi@dummies=\count378
\bidi@are@these@correct=\toks50
\bidi@toks@lista=\toks51
\bidi@toks@listb=\toks52
\bidi@stack@length=\count379
\bidi@empty@stack=\toks53
\bidi@looprepeat@depth=\count380
)
\@bidi@copyins@=\insert252

(c:/texlive/2020/texmf-dist/tex/xelatex/bidi/latex-xetex-bidi.def
File: latex-xetex-bidi.def 2019/03/03 v1.3.7 bidi adaptations for `latex.ltx' f
or XeTeX engine
\bidi@n@everypar=\toks54
\bidi@column@check@number=\count381

(c:/texlive/2020/texmf-dist/tex/xelatex/bidi/footnote-xetex-bidi.def
File: footnote-xetex-bidi.def 2017/08/09 v1.1 bidi footnote macros for XeTeX en
gine
\c@footdir@label=\count382
\footdir@toks=\toks55
)
(c:/texlive/2020/texmf-dist/tex/xelatex/bidi/book-xetex-bidi.def
File: book-xetex-bidi.def 2017/06/09 v1.0 bidi adaptations for standard book cl
ass for XeTeX engine
)
(c:/texlive/2020/texmf-dist/tex/xelatex/bidi/algorithm2e-xetex-bidi.def
File: algorithm2e-xetex-bidi.def 2018/09/23 v0.2 bidi adaptations for algorithm
2e package for XeTeX engine
)
(c:/texlive/2020/texmf-dist/tex/xelatex/bidi/amsmath-xetex-bidi.def
File: amsmath-xetex-bidi.def 2018/01/08 v1.1 bidi adaptations for amsmath packa
ge for XeTeX engine
)
(c:/texlive/2020/texmf-dist/tex/xelatex/bidi/amstext-xetex-bidi.def
File: amstext-xetex-bidi.def 2016/09/12 v0.2 bidi adaptations for amstext packa
ge for XeTeX engine
)
(c:/texlive/2020/texmf-dist/tex/xelatex/bidi/amsthm-xetex-bidi.def
File: amsthm-xetex-bidi.def 2010/07/25 v0.1 bidi adaptations for amsthm package
 for XeTeX engine
)
(c:/texlive/2020/texmf-dist/tex/xelatex/bidi/color-xetex-bidi.def
File: color-xetex-bidi.def 2013/04/08 v0.2 bidi adaptations for color package f
or XeTeX engine
LaTeX Info: Redefining \color on input line 46.
)
(c:/texlive/2020/texmf-dist/tex/xelatex/bidi/xcolor-xetex-bidi.def
File: xcolor-xetex-bidi.def 2013/04/08 v0.2 bidi adaptations for xcolor package
 for XeTeX engine
LaTeX Info: Redefining \color on input line 45.
LaTeX Info: Redefining \bidicolor on input line 88.
)
(c:/texlive/2020/texmf-dist/tex/xelatex/bidi/graphicx-xetex-bidi.def
File: graphicx-xetex-bidi.def 2017/06/17 v0.5 bidi adaptations for graphicx pac
kage for XeTeX engine
)
(c:/texlive/2020/texmf-dist/tex/xelatex/bidi/geometry-xetex-bidi.def
File: geometry-xetex-bidi.def 2017/01/14 v0.2 bidi adaptations for geometry pac
kage for XeTeX engine
)
(c:/texlive/2020/texmf-dist/tex/xelatex/bidi/hyperref-xetex-bidi.def
File: hyperref-xetex-bidi.def 2018/11/11 v1.1 bidi adaptations for hyperref pac
kage for XeTeX engine
)
(c:/texlive/2020/texmf-dist/tex/xelatex/bidi/fancyhdr-xetex-bidi.def
File: fancyhdr-xetex-bidi.def 2018/02/15 v0.7 bidi adaptations for fancyhdr pac
kage for XeTeX engine
)
(c:/texlive/2020/texmf-dist/tex/xelatex/bidi/eso-pic-xetex-bidi.def
File: eso-pic-xetex-bidi.def 2013/04/10 v0.2 bidi adaptations for eso-pic packa
ge for XeTeX engine
)
(c:/texlive/2020/texmf-dist/tex/xelatex/bidi/pdfpages-xetex-bidi.def
File: pdfpages-xetex-bidi.def 2010/07/25 v0.1 bidi adaptations for pdfpages pac
kage for XeTeX engine
)
(c:/texlive/2020/texmf-dist/tex/xelatex/bidi/pstricks-xetex-bidi.def
File: pstricks-xetex-bidi.def 2015/11/18 v0.5 bidi adaptations for pstricks pac
kage for XeTeX engine
)
(c:/texlive/2020/texmf-dist/tex/xelatex/bidi/array-xetex-bidi.def
File: array-xetex-bidi.def 2015/11/07 v0.3 bidi adaptations for array package f
or XeTeX engine
)
(c:/texlive/2020/texmf-dist/tex/xelatex/bidi/multicol-xetex-bidi.def
File: multicol-xetex-bidi.def 2020-01-29 v1.2 bidi adaptations for multicol pac
kage for XeTeX engine
)
(c:/texlive/2020/texmf-dist/tex/xelatex/bidi/tocbibind-xetex-bidi.def
File: tocbibind-xetex-bidi.def 2017/06/09 v0.4 bidi adaptations for tocbibind p
ackage for XeTeX engine
)
(c:/texlive/2020/texmf-dist/tex/xelatex/bidi/tocloft-xetex-bidi.def
File: tocloft-xetex-bidi.def 2010/07/25 v0.2 bidi adaptations for tocloft packa
ge for XeTeX engine
))
(c:/texlive/2020/texmf-dist/tex/xelatex/bidi/loadingorder-xetex-bidi.def
File: loadingorder-xetex-bidi.def 2017/12/29 v0.97 making sure that bidi is the
 last package loaded
)
\bidi@digits=\count383
\bidi@digits@charclass=\XeTeXcharclass1
\bidi@sepmark@charclass=\XeTeXcharclass2
)
****************************************************
* 
* xepersian package (Persian for LaTeX, using XeTeX engine)
* 
* Description: The package supports Persian
* typesetting, using fonts provided in the
* distribution.
* 
* Copyright (c) 2008-2019 Vafa Khalighi
* 2018-2020 bidi-tex GitHub Organisation
* 
* v22.8, 2020-01-31
* 
* License: LaTeX Project Public License, version
* 1.3c or higher (your choice)
* 
* Location on CTAN: /macros/xetex/latex/xepersian
* 
* Issue tracker: https://github.com/bidi-tex/xepersian/issues
* 
****************************************************
\xepersian@tcl=\count384
\xepersian@ilg=\dimen276
\xepersian@strutilg=\dimen277
(c:/texlive/2020/texmf-dist/tex/xelatex/xepersian/loadingorder-xepersian.def
File: loadingorder-xepersian.def 2018/09/29 v0.5 making sure that xepersian is 
the last package loaded
)
(c:/texlive/2020/texmf-dist/tex/xelatex/xepersian/footnote-xepersian.def
File: footnote-xepersian.def 2017/08/09 v0.6 footnote macros for xepersian pack
age
)
(c:/texlive/2020/texmf-dist/tex/xelatex/xepersian/hyperref-xepersian.def
File: hyperref-xepersian.def 2015/02/02 v0.6 bilingual captions for hyperref pa
ckage
)
(c:/texlive/2020/texmf-dist/tex/xelatex/xepersian/tocloft-xepersian.def
File: tocloft-xepersian.def 2010/07/25 v0.1 bilingual captions for tocloft pack
age
)
(c:/texlive/2020/texmf-dist/tex/xelatex/xepersian/book-xepersian.def
File: book-xepersian.def 2010/07/25 v0.2 adaptations for standard book class
)
(c:/texlive/2020/texmf-dist/tex/xelatex/bidi/extrafootnotefeatures-xetex-bidi.d
ef
File: extrafootnotefeatures-xetex-bidi.def 2018/10/11 v1.7 bidi extra footnote 
features for XeTeX engine
\footmarkwidth=\skip125
\footinsdim=\skip126
\footinsv@r=\insert251
\footinsv@l=\insert250
\@mpfootinsv@r=\insert249
\@mpfootinsv@l=\insert248
\m@m@k=\count385
\m@m@h=\dimen278
\m@mipn@skip=\skip127
)
(c:/texlive/2020/texmf-dist/tex/xelatex/xepersian/extrafootnotefeatures-xepersi
an.def
File: extrafootnotefeatures-xepersian.def 2012/01/01 v0.2 footnote macros for e
xtrafootnotefeatures option of xepersian package
)

Package fontspec Info: Font family 'lmroman10-regular(0)' created for font
(fontspec)             'lmroman10-regular' with options
(fontspec)             [Ligatures=TeX,Path,BoldFont={lmroman10-bold},BoldItalic
Font={lmroman10-bolditalic},ItalicFont={lmroman10-italic},SmallCapsFont={lmroma
ncaps10-regular},SlantedFont={lmromanslant10-regular},BoldSlantedFont={lmromans
lant10-bold}].
(fontspec)              
(fontspec)              This font family consists of the following NFSS
(fontspec)             series/shapes:
(fontspec)              
(fontspec)             - 'normal' (m/n) with NFSS spec.:
(fontspec)             <->"[lmroman10-regular]/OT:script=latn;language=dflt;map
ping=tex-text;"
(fontspec)             - 'small caps'  (m/sc) with NFSS spec.:
(fontspec)             <->"[lmromancaps10-regular]/OT:script=latn;language=dflt
;mapping=tex-text;"
(fontspec)             - 'bold' (b/n) with NFSS spec.:
(fontspec)             <->"[lmroman10-bold]/OT:script=latn;language=dflt;mappin
g=tex-text;"
(fontspec)             - 'bold small caps'  (b/sc) with NFSS spec.:
(fontspec)             <->"[lmromancaps10-regular]/OT:script=latn;language=dflt
;mapping=tex-text;"
(fontspec)             - 'italic' (m/it) with NFSS spec.:
(fontspec)             <->"[lmroman10-italic]/OT:script=latn;language=dflt;mapp
ing=tex-text;"
(fontspec)             - 'italic small caps'  (m/scit) with NFSS spec.:
(fontspec)             <->"[lmromancaps10-regular]/OT:script=latn;language=dflt
;mapping=tex-text;"
(fontspec)             - 'slanted' (m/sl) with NFSS spec.:
(fontspec)             <->"[lmromanslant10-regular]/OT:script=latn;language=dfl
t;mapping=tex-text;"
(fontspec)             - 'slanted small caps'  (m/scsl) with NFSS spec.:
(fontspec)             <->"[lmromancaps10-regular]/OT:script=latn;language=dflt
;mapping=tex-text;"
(fontspec)             - 'bold italic' (b/it) with NFSS spec.:
(fontspec)             <->"[lmroman10-bolditalic]/OT:script=latn;language=dflt;
mapping=tex-text;"
(fontspec)             - 'bold italic small caps'  (b/scit) with NFSS spec.:
(fontspec)             <->"[lmromancaps10-regular]/OT:script=latn;language=dflt
;mapping=tex-text;"
(fontspec)             - 'bold slanted' (b/sl) with NFSS spec.:
(fontspec)             <->"[lmromanslant10-bold]/OT:script=latn;language=dflt;m
apping=tex-text;"
(fontspec)             - 'bold slanted small caps'  (b/scsl) with NFSS spec.:
(fontspec)             <->"[lmromancaps10-regular]/OT:script=latn;language=dflt
;mapping=tex-text;"

)

Package fontspec Info: Font family 'Yas(0)' created for font 'Yas' with
(fontspec)             options
(fontspec)             [Script=Persian,Ligatures=PersianTeX,Scale=1.32].
(fontspec)              
(fontspec)              This font family consists of the following NFSS
(fontspec)             series/shapes:
(fontspec)              
(fontspec)             - 'normal' (m/n) with NFSS spec.:
(fontspec)             <->s*[1.32]"Yas/OT:script=arab;language=dflt;mapping=per
sian-tex-text;"
(fontspec)             - 'small caps'  (m/sc) with NFSS spec.: 
(fontspec)             - 'bold' (b/n) with NFSS spec.:
(fontspec)             <->s*[1.32]"Yas/B/OT:script=arab;language=dflt;mapping=p
ersian-tex-text;"
(fontspec)             - 'bold small caps'  (b/sc) with NFSS spec.: 
(fontspec)             - 'italic' (m/it) with NFSS spec.:
(fontspec)             <->s*[1.32]"Yas/I/OT:script=arab;language=dflt;mapping=p
ersian-tex-text;"
(fontspec)             - 'italic small caps'  (m/scit) with NFSS spec.: 
(fontspec)             - 'bold italic' (b/it) with NFSS spec.:
(fontspec)             <->s*[1.32]"Yas/BI/OT:script=arab;language=dflt;mapping=
persian-tex-text;"
(fontspec)             - 'bold italic small caps'  (b/scit) with NFSS spec.: 

LaTeX Font Info:    Font shape `TU/Yas(0)/m/n' will be
(Font)              scaled to size 14.45407pt on input line 30.

Package fontspec Info: Font family 'TimesNewRoman(0)' created for font 'Times
(fontspec)             New Roman' with options [Ligatures=TeX,Scale=1.3].
(fontspec)              
(fontspec)              This font family consists of the following NFSS
(fontspec)             series/shapes:
(fontspec)              
(fontspec)             - 'normal' (m/n) with NFSS spec.: <->s*[1.3]"Times New
(fontspec)             Roman/OT:script=latn;language=dflt;mapping=tex-text;"
(fontspec)             - 'small caps'  (m/sc) with NFSS spec.:
(fontspec)             <->s*[1.3]"Times New
(fontspec)             Roman/OT:script=latn;language=dflt;+smcp;mapping=tex-tex
t;"
(fontspec)             - 'bold' (b/n) with NFSS spec.: <->s*[1.3]"Times New
(fontspec)             Roman/B/OT:script=latn;language=dflt;mapping=tex-text;"
(fontspec)             - 'bold small caps'  (b/sc) with NFSS spec.:
(fontspec)             <->s*[1.3]"Times New
(fontspec)             Roman/B/OT:script=latn;language=dflt;+smcp;mapping=tex-t
ext;"
(fontspec)             - 'italic' (m/it) with NFSS spec.: <->s*[1.3]"Times New
(fontspec)             Roman/I/OT:script=latn;language=dflt;mapping=tex-text;"
(fontspec)             - 'italic small caps'  (m/scit) with NFSS spec.:
(fontspec)             <->s*[1.3]"Times New
(fontspec)             Roman/I/OT:script=latn;language=dflt;+smcp;mapping=tex-t
ext;"
(fontspec)             - 'bold italic' (b/it) with NFSS spec.:
(fontspec)             <->s*[1.3]"Times New
(fontspec)             Roman/BI/OT:script=latn;language=dflt;mapping=tex-text;"

(fontspec)             - 'bold italic small caps'  (b/scit) with NFSS spec.:
(fontspec)             <->s*[1.3]"Times New
(fontspec)             Roman/BI/OT:script=latn;language=dflt;+smcp;mapping=tex-
text;"

LaTeX Info: Redefining \latinfont on input line 32.

Package fontspec Info: Could not resolve font "B Nazanin/I" (it probably
(fontspec)             doesn't exist).


Package fontspec Info: Font family 'BNazanin(0)' created for font 'B Nazanin'
(fontspec)             with options
(fontspec)             [Script=Persian,Ligatures=PersianTeX,Scale=1.1].
(fontspec)              
(fontspec)              This font family consists of the following NFSS
(fontspec)             series/shapes:
(fontspec)              
(fontspec)             - 'normal' (m/n) with NFSS spec.: <->s*[1.1]"B
(fontspec)             Nazanin/OT:script=arab;language=dflt;mapping=persian-tex
-text;"
(fontspec)             - 'small caps'  (m/sc) with NFSS spec.: 
(fontspec)             - 'bold' (b/n) with NFSS spec.: <->s*[1.1]"B
(fontspec)             Nazanin/B/OT:script=arab;language=dflt;mapping=persian-t
ex-text;"
(fontspec)             - 'bold small caps'  (b/sc) with NFSS spec.: 
(fontspec)             - 'bold italic' (b/it) with NFSS spec.: <->s*[1.1]"B
(fontspec)             Nazanin/BI/OT:script=arab;language=dflt;mapping=persian-
tex-text;"
(fontspec)             - 'bold italic small caps'  (b/scit) with NFSS spec.: 


Package fontspec Info: Could not resolve font "B Nazanin/I" (it probably
(fontspec)             doesn't exist).


Package fontspec Info: Font family 'BNazanin(1)' created for font 'B Nazanin'
(fontspec)             with options
(fontspec)             [Script=Persian,Ligatures=PersianTeX,Scale=0.95].
(fontspec)              
(fontspec)              This font family consists of the following NFSS
(fontspec)             series/shapes:
(fontspec)              
(fontspec)             - 'normal' (m/n) with NFSS spec.: <->s*[0.95]"B
(fontspec)             Nazanin/OT:script=arab;language=dflt;mapping=persian-tex
-text;"
(fontspec)             - 'small caps'  (m/sc) with NFSS spec.: 
(fontspec)             - 'bold' (b/n) with NFSS spec.: <->s*[0.95]"B
(fontspec)             Nazanin/B/OT:script=arab;language=dflt;mapping=persian-t
ex-text;"
(fontspec)             - 'bold small caps'  (b/sc) with NFSS spec.: 
(fontspec)             - 'bold italic' (b/it) with NFSS spec.: <->s*[0.95]"B
(fontspec)             Nazanin/BI/OT:script=arab;language=dflt;mapping=persian-
tex-text;"
(fontspec)             - 'bold italic small caps'  (b/scit) with NFSS spec.: 


Package fontspec Info: Could not resolve font "B Nazanin/I" (it probably
(fontspec)             doesn't exist).


Package fontspec Info: Font family 'BNazanin(2)' created for font 'B Nazanin'
(fontspec)             with options
(fontspec)             [Script=Persian,Ligatures=PersianTeX,Scale=0.998].
(fontspec)              
(fontspec)              This font family consists of the following NFSS
(fontspec)             series/shapes:
(fontspec)              
(fontspec)             - 'normal' (m/n) with NFSS spec.: <->s*[0.998]"B
(fontspec)             Nazanin/OT:script=arab;language=dflt;mapping=persian-tex
-text;"
(fontspec)             - 'small caps'  (m/sc) with NFSS spec.: 
(fontspec)             - 'bold' (b/n) with NFSS spec.: <->s*[0.998]"B
(fontspec)             Nazanin/B/OT:script=arab;language=dflt;mapping=persian-t
ex-text;"
(fontspec)             - 'bold small caps'  (b/sc) with NFSS spec.: 
(fontspec)             - 'bold italic' (b/it) with NFSS spec.: <->s*[0.998]"B
(fontspec)             Nazanin/BI/OT:script=arab;language=dflt;mapping=persian-
tex-text;"
(fontspec)             - 'bold italic small caps'  (b/scit) with NFSS spec.: 


Package fontspec Info: Could not resolve font "B Nazanin/I" (it probably
(fontspec)             doesn't exist).


Package fontspec Info: Font family 'BNazanin(3)' created for font 'B Nazanin'
(fontspec)             with options
(fontspec)             [Script=Persian,Ligatures=PersianTeX,Scale=1.14].
(fontspec)              
(fontspec)              This font family consists of the following NFSS
(fontspec)             series/shapes:
(fontspec)              
(fontspec)             - 'normal' (m/n) with NFSS spec.: <->s*[1.14]"B
(fontspec)             Nazanin/OT:script=arab;language=dflt;mapping=persian-tex
-text;"
(fontspec)             - 'small caps'  (m/sc) with NFSS spec.: 
(fontspec)             - 'bold' (b/n) with NFSS spec.: <->s*[1.14]"B
(fontspec)             Nazanin/B/OT:script=arab;language=dflt;mapping=persian-t
ex-text;"
(fontspec)             - 'bold small caps'  (b/sc) with NFSS spec.: 
(fontspec)             - 'bold italic' (b/it) with NFSS spec.: <->s*[1.14]"B
(fontspec)             Nazanin/BI/OT:script=arab;language=dflt;mapping=persian-
tex-text;"
(fontspec)             - 'bold italic small caps'  (b/scit) with NFSS spec.: 


Package fontspec Info: Could not resolve font "B Nazanin/I" (it probably
(fontspec)             doesn't exist).


Package fontspec Info: Font family 'BNazanin(4)' created for font 'B Nazanin'
(fontspec)             with options
(fontspec)             [Script=Persian,Ligatures=PersianTeX,Scale=1.235].
(fontspec)              
(fontspec)              This font family consists of the following NFSS
(fontspec)             series/shapes:
(fontspec)              
(fontspec)             - 'normal' (m/n) with NFSS spec.: <->s*[1.235]"B
(fontspec)             Nazanin/OT:script=arab;language=dflt;mapping=persian-tex
-text;"
(fontspec)             - 'small caps'  (m/sc) with NFSS spec.: 
(fontspec)             - 'bold' (b/n) with NFSS spec.: <->s*[1.235]"B
(fontspec)             Nazanin/B/OT:script=arab;language=dflt;mapping=persian-t
ex-text;"
(fontspec)             - 'bold small caps'  (b/sc) with NFSS spec.: 
(fontspec)             - 'bold italic' (b/it) with NFSS spec.: <->s*[1.235]"B
(fontspec)             Nazanin/BI/OT:script=arab;language=dflt;mapping=persian-
tex-text;"
(fontspec)             - 'bold italic small caps'  (b/scit) with NFSS spec.: 


Package fontspec Info: Could not resolve font "B Nazanin/I" (it probably
(fontspec)             doesn't exist).


Package fontspec Info: Font family 'BNazanin(5)' created for font 'B Nazanin'
(fontspec)             with options
(fontspec)             [Script=Persian,Ligatures=PersianTeX,Scale=1.52].
(fontspec)              
(fontspec)              This font family consists of the following NFSS
(fontspec)             series/shapes:
(fontspec)              
(fontspec)             - 'normal' (m/n) with NFSS spec.: <->s*[1.52]"B
(fontspec)             Nazanin/OT:script=arab;language=dflt;mapping=persian-tex
-text;"
(fontspec)             - 'small caps'  (m/sc) with NFSS spec.: 
(fontspec)             - 'bold' (b/n) with NFSS spec.: <->s*[1.52]"B
(fontspec)             Nazanin/B/OT:script=arab;language=dflt;mapping=persian-t
ex-text;"
(fontspec)             - 'bold small caps'  (b/sc) with NFSS spec.: 
(fontspec)             - 'bold italic' (b/it) with NFSS spec.: <->s*[1.52]"B
(fontspec)             Nazanin/BI/OT:script=arab;language=dflt;mapping=persian-
tex-text;"
(fontspec)             - 'bold italic small caps'  (b/scit) with NFSS spec.: 


Package fontspec Info: Could not resolve font "Titr/BI" (it probably doesn't
(fontspec)             exist).


Package fontspec Info: Could not resolve font "Titr/B" (it probably doesn't
(fontspec)             exist).


Package fontspec Info: Could not resolve font "Titr/I" (it probably doesn't
(fontspec)             exist).


Package fontspec Info: Font family 'Titr(0)' created for font 'Titr' with
(fontspec)             options
(fontspec)             [Script=Persian,Ligatures=PersianTeX,Scale=1.5].
(fontspec)              
(fontspec)              This font family consists of the following NFSS
(fontspec)             series/shapes:
(fontspec)              
(fontspec)             - 'normal' (m/n) with NFSS spec.:
(fontspec)             <->s*[1.5]"Titr/OT:script=arab;language=dflt;mapping=per
sian-tex-text;"
(fontspec)             - 'small caps'  (m/sc) with NFSS spec.: 


Package fontspec Info: Font family 'Yas(1)' created for font 'Yas' with
(fontspec)             options
(fontspec)             [Script=Persian,Ligatures=PersianTeX,Scale=1.15].
(fontspec)              
(fontspec)              This font family consists of the following NFSS
(fontspec)             series/shapes:
(fontspec)              
(fontspec)             - 'normal' (m/n) with NFSS spec.:
(fontspec)             <->s*[1.15]"Yas/OT:script=arab;language=dflt;mapping=per
sian-tex-text;"
(fontspec)             - 'small caps'  (m/sc) with NFSS spec.: 
(fontspec)             - 'bold' (b/n) with NFSS spec.:
(fontspec)             <->s*[1.15]"Yas/B/OT:script=arab;language=dflt;mapping=p
ersian-tex-text;"
(fontspec)             - 'bold small caps'  (b/sc) with NFSS spec.: 
(fontspec)             - 'italic' (m/it) with NFSS spec.:
(fontspec)             <->s*[1.15]"Yas/I/OT:script=arab;language=dflt;mapping=p
ersian-tex-text;"
(fontspec)             - 'italic small caps'  (m/scit) with NFSS spec.: 
(fontspec)             - 'bold italic' (b/it) with NFSS spec.:
(fontspec)             <->s*[1.15]"Yas/BI/OT:script=arab;language=dflt;mapping=
persian-tex-text;"
(fontspec)             - 'bold italic small caps'  (b/scit) with NFSS spec.: 


Package fontspec Info: Font family 'Yas(2)' created for font 'Yas' with
(fontspec)             options [Ligatures=PersianTeX,Scale=1.15].
(fontspec)              
(fontspec)              This font family consists of the following NFSS
(fontspec)             series/shapes:
(fontspec)              
(fontspec)             - 'normal' (m/n) with NFSS spec.:
(fontspec)             <->s*[1.15]"Yas/OT:script=latn;language=dflt;mapping=per
sian-tex-text;"
(fontspec)             - 'small caps'  (m/sc) with NFSS spec.: 
(fontspec)             - 'bold' (b/n) with NFSS spec.:
(fontspec)             <->s*[1.15]"Yas/B/OT:script=latn;language=dflt;mapping=p
ersian-tex-text;"
(fontspec)             - 'bold small caps'  (b/sc) with NFSS spec.: 
(fontspec)             - 'italic' (m/it) with NFSS spec.:
(fontspec)             <->s*[1.15]"Yas/I/OT:script=latn;language=dflt;mapping=p
ersian-tex-text;"
(fontspec)             - 'italic small caps'  (m/scit) with NFSS spec.: 
(fontspec)             - 'bold italic' (b/it) with NFSS spec.:
(fontspec)             <->s*[1.15]"Yas/BI/OT:script=latn;language=dflt;mapping=
persian-tex-text;"
(fontspec)             - 'bold italic small caps'  (b/scit) with NFSS spec.: 

Package xepersian-mathsdigitspec Info: DefiningthedefaultPersianmathsdigitsfont
as'Yas' on input line 40.
\symOPERATORS=\mathgroup6
\symnew@mathbf@font@digits=\mathgroup7
\symnew@mathit@font@digits=\mathgroup8
\symnew@mathrm@font@digits=\mathgroup9

Package fontspec Info: Font family 'Yas(3)' created for font 'Yas' with
(fontspec)             options [Script=Persian,Ligatures=PersianTeX,Scale=1].
(fontspec)              
(fontspec)              This font family consists of the following NFSS
(fontspec)             series/shapes:
(fontspec)              
(fontspec)             - 'normal' (m/n) with NFSS spec.:
(fontspec)             <->s*[1]"Yas/OT:script=arab;language=dflt;mapping=persia
n-tex-text;"
(fontspec)             - 'small caps'  (m/sc) with NFSS spec.: 
(fontspec)             - 'bold' (b/n) with NFSS spec.:
(fontspec)             <->s*[1]"Yas/B/OT:script=arab;language=dflt;mapping=pers
ian-tex-text;"
(fontspec)             - 'bold small caps'  (b/sc) with NFSS spec.: 
(fontspec)             - 'italic' (m/it) with NFSS spec.:
(fontspec)             <->s*[1]"Yas/I/OT:script=arab;language=dflt;mapping=pers
ian-tex-text;"
(fontspec)             - 'italic small caps'  (m/scit) with NFSS spec.: 
(fontspec)             - 'bold italic' (b/it) with NFSS spec.:
(fontspec)             <->s*[1]"Yas/BI/OT:script=arab;language=dflt;mapping=per
sian-tex-text;"
(fontspec)             - 'bold italic small caps'  (b/scit) with NFSS spec.: 


Package fontspec Info: Font family 'TimesNewRoman(1)' created for font 'Times
(fontspec)             New Roman' with options [Ligatures=TeX,Scale=1].
(fontspec)              
(fontspec)              This font family consists of the following NFSS
(fontspec)             series/shapes:
(fontspec)              
(fontspec)             - 'normal' (m/n) with NFSS spec.: <->s*[1]"Times New
(fontspec)             Roman/OT:script=latn;language=dflt;mapping=tex-text;"
(fontspec)             - 'small caps'  (m/sc) with NFSS spec.: <->s*[1]"Times
(fontspec)             New
(fontspec)             Roman/OT:script=latn;language=dflt;+smcp;mapping=tex-tex
t;"
(fontspec)             - 'bold' (b/n) with NFSS spec.: <->s*[1]"Times New
(fontspec)             Roman/B/OT:script=latn;language=dflt;mapping=tex-text;"
(fontspec)             - 'bold small caps'  (b/sc) with NFSS spec.:
(fontspec)             <->s*[1]"Times New
(fontspec)             Roman/B/OT:script=latn;language=dflt;+smcp;mapping=tex-t
ext;"
(fontspec)             - 'italic' (m/it) with NFSS spec.: <->s*[1]"Times New
(fontspec)             Roman/I/OT:script=latn;language=dflt;mapping=tex-text;"
(fontspec)             - 'italic small caps'  (m/scit) with NFSS spec.:
(fontspec)             <->s*[1]"Times New
(fontspec)             Roman/I/OT:script=latn;language=dflt;+smcp;mapping=tex-t
ext;"
(fontspec)             - 'bold italic' (b/it) with NFSS spec.: <->s*[1]"Times
(fontspec)             New
(fontspec)             Roman/BI/OT:script=latn;language=dflt;mapping=tex-text;"

(fontspec)             - 'bold italic small caps'  (b/scit) with NFSS spec.:
(fontspec)             <->s*[1]"Times New
(fontspec)             Roman/BI/OT:script=latn;language=dflt;+smcp;mapping=tex-
text;"

\c@symbol=\count386
\cftbeforesymbolskip=\skip128
\cftsymbolindent=\skip129
\cftsymbolnumwidth=\skip130
\c@symdepth=\count387
\cftbeforesymtitleskip=\skip131
\cftaftersymtitleskip=\skip132
\mylen=\skip133
\mylentab=\skip134
 (./yazd-thesis-template.aux (./chapter1.aux) (./chapter2.aux)
(./chapter3.aux) (./chapter4.aux

LaTeX Warning: Label `sec:grineq' multiply defined.

) (./chapter5.aux) (./appendix1.aux) (./dicen2fa.aux))
\openout1 = `yazd-thesis-template.aux'.

LaTeX Font Info:    Checking defaults for OML/cmm/m/it on input line 94.
LaTeX Font Info:    ... okay on input line 94.
LaTeX Font Info:    Checking defaults for OMS/cmsy/m/n on input line 94.
LaTeX Font Info:    ... okay on input line 94.
LaTeX Font Info:    Checking defaults for OT1/cmr/m/n on input line 94.
LaTeX Font Info:    ... okay on input line 94.
LaTeX Font Info:    Checking defaults for T1/cmr/m/n on input line 94.
LaTeX Font Info:    ... okay on input line 94.
LaTeX Font Info:    Checking defaults for TS1/cmr/m/n on input line 94.
LaTeX Font Info:    Trying to load font information for TS1+cmr on input line 9
4.

(c:/texlive/2020/texmf-dist/tex/latex/base/ts1cmr.fd
File: ts1cmr.fd 2019/12/16 v2.5j Standard LaTeX font definitions
)
LaTeX Font Info:    ... okay on input line 94.
LaTeX Font Info:    Checking defaults for TU/lmr/m/n on input line 94.
LaTeX Font Info:    ... okay on input line 94.
LaTeX Font Info:    Checking defaults for OMX/cmex/m/n on input line 94.
LaTeX Font Info:    ... okay on input line 94.
LaTeX Font Info:    Checking defaults for U/cmr/m/n on input line 94.
LaTeX Font Info:    ... okay on input line 94.
LaTeX Font Info:    Checking defaults for PD1/pdf/m/n on input line 94.
LaTeX Font Info:    ... okay on input line 94.
LaTeX Font Info:    Checking defaults for PU/pdf/m/n on input line 94.
LaTeX Font Info:    ... okay on input line 94.

*geometry* driver: auto-detecting
*geometry* detected driver: xetex
*geometry* verbose mode - [ preamble ] result:
* driver: xetex
* paper: <default>
* layout: <same size as paper>
* layoutoffset:(h,v)=(0.0pt,0.0pt)
* modes: twoside 
* h-part:(L,W,R)=(113.81102pt, 412.56497pt, 71.13188pt)
* v-part:(T,H,B)=(85.35826pt, 688.5567pt, 71.13188pt)
* \paperwidth=597.50787pt
* \paperheight=845.04684pt
* \textwidth=412.56497pt
* \textheight=688.5567pt
* \oddsidemargin=41.54103pt
* \evensidemargin=-1.1381pt
* \topmargin=-18.78552pt
* \headheight=12.0pt
* \headsep=19.8738pt
* \topskip=11.0pt
* \footskip=42.67914pt
* \marginparwidth=106.0pt
* \marginparsep=7.0pt
* \columnsep=10.0pt
* \skip\footins=10.0pt plus 4.0pt minus 2.0pt
* \hoffset=0.0pt
* \voffset=0.0pt
* \mag=1000
* \@twocolumnfalse
* \@twosidetrue
* \@mparswitchtrue
* \@reversemarginfalse
* (1in=72.27pt=25.4mm, 1cm=28.453pt)

\AtBeginShipoutBox=\box112
Package hyperref Info: Link coloring OFF on input line 94.
(c:/texlive/2020/texmf-dist/tex/latex/hyperref/nameref.sty
Package: nameref 2019/09/16 v2.46 Cross-referencing by name of section

(c:/texlive/2020/texmf-dist/tex/latex/refcount/refcount.sty
Package: refcount 2019/12/15 v3.6 Data extraction from label references (HO)
)
(c:/texlive/2020/texmf-dist/tex/generic/gettitlestring/gettitlestring.sty
Package: gettitlestring 2019/12/15 v1.6 Cleanup title references (HO)
)
\c@section@level=\count388
)
LaTeX Info: Redefining \ref on input line 94.
LaTeX Info: Redefining \pageref on input line 94.
LaTeX Info: Redefining \nameref on input line 94.

(./yazd-thesis-template.out) (./yazd-thesis-template.out)
\@outlinefile=\write4
\openout4 = `yazd-thesis-template.out'.

\c@definition=\count389
\c@observation=\count390

(c:/texlive/2020/texmf-dist/tex/latex/pdflscape/pdflscape.sty
Package: pdflscape 2019/12/05 v0.12 Display of landscape pages in PDF (HO)

(c:/texlive/2020/texmf-dist/tex/latex/graphics/lscape.sty
Package: lscape 2000/10/22 v3.01 Landscape Pages (DPC)
)
Package pdflscape Info: Auto-detected driver: dvipdfm (xetex) on input line 98.

) (./fainfo.tex
File: figures/logo.jpg Graphic file (type bmp)
<figures/logo.jpg>
LaTeX Font Info:    Font shape `TU/BNazanin(2)/m/n' will be
(Font)              scaled to size 10.9281pt on input line 121.
LaTeX Font Info:    Font shape `TU/BNazanin(2)/b/n' will be
(Font)              scaled to size 10.9281pt on input line 121.
LaTeX Font Info:    Font shape `TU/BNazanin(1)/m/n' will be
(Font)              scaled to size 10.40245pt on input line 121.
LaTeX Font Info:    Font shape `TU/BNazanin(1)/b/n' will be
(Font)              scaled to size 10.40245pt on input line 121.
LaTeX Font Info:    Font shape `TU/BNazanin(4)/m/n' will be
(Font)              scaled to size 13.52324pt on input line 121.
LaTeX Font Info:    Font shape `TU/BNazanin(4)/b/n' will be
(Font)              scaled to size 13.52324pt on input line 121.
LaTeX Font Info:    Font shape `TU/BNazanin(3)/m/n' will be
(Font)              scaled to size 12.48299pt on input line 121.
LaTeX Font Info:    Font shape `TU/BNazanin(3)/b/n' will be
(Font)              scaled to size 12.48299pt on input line 121.
LaTeX Font Info:    Font shape `TU/BNazanin(5)/m/n' will be
(Font)              scaled to size 16.64403pt on input line 121.
LaTeX Font Info:    Font shape `TU/BNazanin(5)/b/n' will be
(Font)              scaled to size 16.64403pt on input line 121.
LaTeX Font Info:    Font shape `TU/TimesNewRoman(0)/b/n' will be
(Font)              scaled to size 14.23502pt on input line 121.
LaTeX Font Info:    Font shape `TU/Yas(1)/b/n' will be
(Font)              scaled to size 12.59242pt on input line 121.
LaTeX Font Info:    Font shape `TU/Yas(0)/m/n' will be
(Font)              scaled to size 15.84009pt on input line 121.
LaTeX Font Info:    Font shape `TU/BNazanin(4)/m/n' will be
(Font)              scaled to size 14.82pt on input line 121.
LaTeX Font Info:    Font shape `TU/BNazanin(4)/b/n' will be
(Font)              scaled to size 14.82pt on input line 121.
LaTeX Font Info:    Font shape `TU/BNazanin(2)/m/n' will be
(Font)              scaled to size 11.97601pt on input line 121.
LaTeX Font Info:    Font shape `TU/BNazanin(2)/b/n' will be
(Font)              scaled to size 11.97601pt on input line 121.
LaTeX Font Info:    Font shape `TU/Yas(1)/m/n' will be
(Font)              scaled to size 13.79993pt on input line 121.

(c:/texlive/2020/texmf-dist/tex/generic/stringenc/se-ascii-print.def
File: se-ascii-print.def 2019/11/29 v1.12 stringenc: Printable ASCII characters

) [1

]
File: figures/besm.jpg Graphic file (type bmp)
<figures/besm.jpg>


LaTeX Font Warning: Font shape `OT1/cmr/m/n' in size <5.5> not available
(Font)              size <5> substituted on input line 121.


LaTeX Font Warning: Font shape `OML/cmm/m/it' in size <5.5> not available
(Font)              size <5> substituted on input line 121.


LaTeX Font Warning: Font shape `OMS/cmsy/m/n' in size <5.5> not available
(Font)              size <5> substituted on input line 121.

LaTeX Font Info:    Trying to load font information for U+msa on input line 121
.
(c:/texlive/2020/texmf-dist/tex/latex/amsfonts/umsa.fd
File: umsa.fd 2013/01/14 v3.01 AMS symbols A
)
LaTeX Font Info:    Trying to load font information for U+msb on input line 121
.

(c:/texlive/2020/texmf-dist/tex/latex/amsfonts/umsb.fd
File: umsb.fd 2013/01/14 v3.01 AMS symbols B
)
LaTeX Font Info:    Font shape `TU/Yas(2)/m/n' will be
(Font)              scaled to size 13.79993pt on input line 121.
LaTeX Font Info:    Font shape `TU/Yas(2)/m/n' will be
(Font)              scaled to size 8.39496pt on input line 121.
LaTeX Font Info:    Font shape `TU/Yas(2)/m/n' will be
(Font)              scaled to size 6.32497pt on input line 121.
LaTeX Font Info:    Font shape `TU/Yas(2)/bx/n' in size <12> not available
(Font)              Font shape `TU/Yas(2)/b/n' tried instead on input line 121.

LaTeX Font Info:    Font shape `TU/Yas(2)/b/n' will be
(Font)              scaled to size 13.79993pt on input line 121.
LaTeX Font Info:    Font shape `TU/Yas(2)/bx/n' in size <7.3> not available
(Font)              Font shape `TU/Yas(2)/b/n' tried instead on input line 121.

LaTeX Font Info:    Font shape `TU/Yas(2)/b/n' will be
(Font)              scaled to size 8.39496pt on input line 121.
LaTeX Font Info:    Font shape `TU/Yas(2)/bx/n' in size <5.5> not available
(Font)              Font shape `TU/Yas(2)/b/n' tried instead on input line 121.

LaTeX Font Info:    Font shape `TU/Yas(2)/b/n' will be
(Font)              scaled to size 6.32497pt on input line 121.
LaTeX Font Info:    Font shape `TU/Yas(2)/m/it' will be
(Font)              scaled to size 13.79993pt on input line 121.
LaTeX Font Info:    Font shape `TU/Yas(2)/m/it' will be
(Font)              scaled to size 8.39496pt on input line 121.
LaTeX Font Info:    Font shape `TU/Yas(2)/m/it' will be
(Font)              scaled to size 6.32497pt on input line 121.
LaTeX Font Info:    Font shape `TU/Yas(0)/m/n' will be
(Font)              scaled to size 7.92004pt on input line 121.
LaTeX Font Info:    Font shape `TU/TimesNewRoman(0)/m/n' will be
(Font)              scaled to size 7.80002pt on input line 121.
LaTeX Font Info:    Font shape `TU/Yas(1)/m/n' will be
(Font)              scaled to size 6.89996pt on input line 121.
 [2]
File: figures/sooratjalasa-msc.pdf Graphic file (type pdf)
<use figures/sooratjalasa-msc.pdf>

Overfull \vbox (58.9578pt too high) has occurred while \output is active []


[3]
LaTeX Font Info:    Font shape `TU/Yas(3)/m/n' will be
(Font)              scaled to size 10.95pt on input line 121.
File: figures/logo.jpg Graphic file (type bmp)
<figures/logo.jpg>
LaTeX Font Info:    Font shape `TU/Yas(3)/b/n' will be
(Font)              scaled to size 10.95pt on input line 121.
LaTeX Font Info:    Font shape `TU/Yas(3)/b/n' will be
(Font)              scaled to size 10.0pt on input line 121.
LaTeX Font Info:    Font shape `TU/Yas(3)/m/n' will be
(Font)              scaled to size 12.0pt on input line 121.
LaTeX Font Info:    Font shape `TU/Yas(3)/b/n' will be
(Font)              scaled to size 12.0pt on input line 121.
LaTeX Font Info:    Font shape `TU/Yas(1)/m/n' will be
(Font)              scaled to size 12.59242pt on input line 121.
LaTeX Font Info:    Font shape `TU/TimesNewRoman(0)/m/n' will be
(Font)              scaled to size 14.23502pt on input line 121.

Overfull \hbox (27.02634pt too wide) in paragraph at lines 121--121
[][][][]
 []


Underfull \hbox (badness 10000) in paragraph at lines 121--121
[][]
 []

File: figures/IRI-logo.jpg Graphic file (type bmp)
<figures/IRI-logo.jpg>
LaTeX Font Info:    Font shape `TU/Yas(3)/m/n' will be
(Font)              scaled to size 14.4pt on input line 121.
LaTeX Font Info:    Font shape `TU/Yas(3)/b/n' will be
(Font)              scaled to size 14.4pt on input line 121.

Overfull \hbox (44.19342pt too wide) in paragraph at lines 121--121
[][][][]
 []


Underfull \hbox (badness 10000) in paragraph at lines 121--121
[][]
 []


Underfull \vbox (badness 10000) has occurred while \output is active []

 [4]
[5]
LaTeX Font Info:    Font shape `TU/Yas(0)/m/n' will be
(Font)              scaled to size 19.00809pt on input line 121.
LaTeX Font Info:    Font shape `TU/Yas(0)/b/n' will be
(Font)              scaled to size 19.00809pt on input line 121.
LaTeX Font Info:    Font shape `TU/Yas(0)/b/n' will be
(Font)              scaled to size 15.84009pt on input line 121.
 [6] [7] [8

]
LaTeX Font Info:    Font shape `TU/Yas(0)/b/n' will be
(Font)              scaled to size 14.45407pt on input line 121.
) [9] [10

]
LaTeX Font Info:    Font shape `TU/Yas(0)/m/n' will be
(Font)              scaled to size 32.84178pt on input line 99.
LaTeX Font Info:    Font shape `TU/Yas(0)/b/n' will be
(Font)              scaled to size 32.84178pt on input line 99.
LaTeX Font Info:    Font shape `TU/Yas(0)/b/n' will be
(Font)              scaled to size 27.37695pt on input line 99.
 (./yazd-thesis-template.toc

LaTeX Font Warning: Font shape `TU/Titr(0)/b/n' undefined
(Font)              using `TU/Titr(0)/m/n' instead on input line 1.

LaTeX Font Info:    Font shape `TU/Titr(0)/m/n' will be
(Font)              scaled to size 16.42499pt on input line 1.
LaTeX Font Info:    Font shape `TU/Titr(0)/b/n' will be
(Font)              scaled to size 16.42499pt on input line 1.
LaTeX Font Info:    Font shape `TU/Yas(0)/m/n' will be
(Font)              scaled to size 9.63605pt on input line 3.
LaTeX Font Info:    Font shape `TU/Yas(0)/b/n' will be
(Font)              scaled to size 9.63605pt on input line 6.

Underfull \vbox (badness 7981) has occurred while \output is active []

 [1]
[2]
LaTeX Font Info:    Font shape `TU/Titr(0)/b/n' will be
(Font)              scaled to size 15.0pt on input line 66.

Overfull \hbox (1.12422pt too wide) detected at line 66
 \TU/Titr(0)/b/n/10  \TU/Yas(0)/b/n/10.95 :  
 []

)
\tf@toc=\write5
\openout5 = `yazd-thesis-template.toc'.

 [3] (./yazd-thesis-template.lof)
\tf@lof=\write6
\openout6 = `yazd-thesis-template.lof'.

 [4

] (./yazd-thesis-template.lot)
\tf@lot=\write7
\openout7 = `yazd-thesis-template.lot'.

 [5

]
(./yazd-thesis-template.sym)
\tf@sym=\write8
\openout8 = `yazd-thesis-template.sym'.

 [6

]
\openout2 = `chapter1.aux'.

 (./chapter1.tex
 1.
LaTeX Font Info:    Font shape `TU/Titr(0)/m/n' will be
(Font)              scaled to size 31.11pt on input line 1.
LaTeX Font Info:    Font shape `TU/Titr(0)/b/n' will be
(Font)              scaled to size 31.11pt on input line 1.
LaTeX Font Info:    Font shape `TU/Yas(1)/b/n' will be
(Font)              scaled to size 23.85088pt on input line 1.
LaTeX Font Info:    Font shape `TU/Yas(0)/m/n' will be
(Font)              scaled to size 27.37695pt on input line 1.
LaTeX Font Info:    Font shape `TU/TimesNewRoman(0)/b/n' will be
(Font)              scaled to size 26.96207pt on input line 1.
[1




]
LaTeX Font Info:    Font shape `TU/Yas(1)/b/n' will be
(Font)              scaled to size 16.55989pt on input line 2.
LaTeX Font Info:    Font shape `TU/Yas(1)/m/n' will be
(Font)              scaled to size 8.39496pt on input line 3.
LaTeX Font Info:    Font shape `TU/Yas(0)/m/n' will be
(Font)              scaled to size 11.88007pt on input line 4.
LaTeX Font Info:    Font shape `TU/Yas(2)/m/n' will be
(Font)              scaled to size 10.34995pt on input line 4.
LaTeX Font Info:    Font shape `TU/Yas(2)/m/n' will be
(Font)              scaled to size 6.89996pt on input line 4.
LaTeX Font Info:    Font shape `TU/Yas(2)/m/n' will be
(Font)              scaled to size 5.74997pt on input line 4.
LaTeX Font Info:    Font shape `TU/Yas(2)/bx/n' in size <9> not available
(Font)              Font shape `TU/Yas(2)/b/n' tried instead on input line 4.
LaTeX Font Info:    Font shape `TU/Yas(2)/b/n' will be
(Font)              scaled to size 10.34995pt on input line 4.
LaTeX Font Info:    Font shape `TU/Yas(2)/bx/n' in size <6> not available
(Font)              Font shape `TU/Yas(2)/b/n' tried instead on input line 4.
LaTeX Font Info:    Font shape `TU/Yas(2)/b/n' will be
(Font)              scaled to size 6.89996pt on input line 4.
LaTeX Font Info:    Font shape `TU/Yas(2)/bx/n' in size <5> not available
(Font)              Font shape `TU/Yas(2)/b/n' tried instead on input line 4.
LaTeX Font Info:    Font shape `TU/Yas(2)/b/n' will be
(Font)              scaled to size 5.74997pt on input line 4.
LaTeX Font Info:    Font shape `TU/Yas(2)/m/it' will be
(Font)              scaled to size 10.34995pt on input line 4.
LaTeX Font Info:    Font shape `TU/Yas(2)/m/it' will be
(Font)              scaled to size 6.89996pt on input line 4.
LaTeX Font Info:    Font shape `TU/Yas(2)/m/it' will be
(Font)              scaled to size 5.74997pt on input line 4.
LaTeX Font Info:    Font shape `TU/TimesNewRoman(0)/m/n' will be
(Font)              scaled to size 11.70003pt on input line 14.


Package Fancyhdr Warning: \headheight is too small (12.0pt): 
Make it at least 17.75705pt.
We now make it that large for the rest of the document.
This may cause the page layout to be inconsistent, however.

[2]
Overfull \hbox (7.82018pt too wide) in paragraph at lines 35--38
[]\TU/Yas(0)/m/n/10.95         
  []
 []

LaTeX Font Info:    Font shape `TU/Yas(2)/m/n' will be
(Font)              scaled to size 16.55989pt on input line 56.
LaTeX Font Info:    Font shape `TU/Yas(2)/m/n' will be
(Font)              scaled to size 11.49994pt on input line 56.
LaTeX Font Info:    Font shape `TU/Yas(2)/m/n' will be
(Font)              scaled to size 8.04996pt on input line 56.
LaTeX Font Info:    Font shape `TU/Yas(2)/bx/n' in size <14.4> not available
(Font)              Font shape `TU/Yas(2)/b/n' tried instead on input line 56.
LaTeX Font Info:    Font shape `TU/Yas(2)/b/n' will be
(Font)              scaled to size 16.55989pt on input line 56.
LaTeX Font Info:    Font shape `TU/Yas(2)/bx/n' in size <10> not available
(Font)              Font shape `TU/Yas(2)/b/n' tried instead on input line 56.
LaTeX Font Info:    Font shape `TU/Yas(2)/b/n' will be
(Font)              scaled to size 11.49994pt on input line 56.
LaTeX Font Info:    Font shape `TU/Yas(2)/bx/n' in size <7> not available
(Font)              Font shape `TU/Yas(2)/b/n' tried instead on input line 56.
LaTeX Font Info:    Font shape `TU/Yas(2)/b/n' will be
(Font)              scaled to size 8.04996pt on input line 56.
LaTeX Font Info:    Font shape `TU/Yas(2)/m/it' will be
(Font)              scaled to size 16.55989pt on input line 56.
LaTeX Font Info:    Font shape `TU/Yas(2)/m/it' will be
(Font)              scaled to size 11.49994pt on input line 56.
LaTeX Font Info:    Font shape `TU/Yas(2)/m/it' will be
(Font)              scaled to size 8.04996pt on input line 56.
LaTeX Font Info:    Font shape `TU/Yas(0)/b/n' will be
(Font)              scaled to size 13.20007pt on input line 56.

Underfull \vbox (badness 10000) has occurred while \output is active []

 [3]
Underfull \vbox (badness 10000) has occurred while \output is active []

 [4]
[5] [6]
Overfull \hbox (1.38596pt too wide) in paragraph at lines 146--158
[][]\TU/Yas(0)/m/n/10.95         
    []
 []

[7] [8]
Underfull \vbox (badness 10000) has occurred while \output is active []

 [9]
LaTeX Font Info:    Font shape `TU/TimesNewRoman(0)/m/n' will be
(Font)              scaled to size 13.00003pt on input line 234.
File: figures/test-crop.pdf Graphic file (type pdf)
<use figures/test-crop.pdf>

Overfull \hbox (31.04054pt too wide) in paragraph at lines 233--255
[][]$[]$ $[]$ []
 []


Underfull \vbox (badness 10000) has occurred while \output is active []

 [10])
[11]
\openout2 = `chapter2.aux'.

 (./chapter2.tex [12



]
 2.
LaTeX Font Info:    Font shape `TU/Yas(2)/m/n' will be
(Font)              scaled to size 23.85088pt on input line 1.
LaTeX Font Info:    Font shape `TU/Yas(2)/bx/n' in size <20.74> not available
(Font)              Font shape `TU/Yas(2)/b/n' tried instead on input line 1.
LaTeX Font Info:    Font shape `TU/Yas(2)/b/n' will be
(Font)              scaled to size 23.85088pt on input line 1.
LaTeX Font Info:    Font shape `TU/Yas(2)/m/it' will be
(Font)              scaled to size 23.85088pt on input line 1.
[13]
Underfull \vbox (badness 10000) has occurred while \output is active []



Package Fancyhdr Warning: \headheight is too small (17.75705pt): 
Make it at least 17.82056pt.
We now make it that large for the rest of the document.
This may cause the page layout to be inconsistent, however.

[14] [15]
LaTeX Font Info:    Font shape `TU/Yas(1)/b/n' will be
(Font)              scaled to size 13.79993pt on input line 78.
LaTeX Font Info:    Font shape `TU/TimesNewRoman(0)/b/n' will be
(Font)              scaled to size 15.60004pt on input line 78.
LaTeX Font Info:    Font shape `TU/Yas(1)/m/n' will be
(Font)              scaled to size 10.34995pt on input line 105.

Underfull \vbox (badness 1748) has occurred while \output is active []

 [16]
File: figures/TexLive2020-installer.jpg Graphic file (type bmp)
<figures/TexLive2020-installer.jpg>
File: figures/TexLive2020-installer-2.jpg Graphic file (type bmp)
<figures/TexLive2020-installer-2.jpg>
File: figures/TexLive2020-installer-3.jpg Graphic file (type bmp)
<figures/TexLive2020-installer-3.jpg>
File: figures/TexLive2020-installer-4.jpg Graphic file (type bmp)
<figures/TexLive2020-installer-4.jpg>

[17]
Underfull \vbox (badness 10000) has occurred while \output is active []

 [18]
File: figures/Notepad-1.jpg Graphic file (type bmp)
<figures/Notepad-1.jpg>
File: figures/Notepad-2.jpg Graphic file (type bmp)
<figures/Notepad-2.jpg>
File: figures/NppExec-1.jpg Graphic file (type bmp)
<figures/NppExec-1.jpg>
File: figures/NppExec-2.jpg Graphic file (type bmp)
<figures/NppExec-2.jpg>

[19]
Underfull \vbox (badness 10000) has occurred while \output is active []

 [20]
LaTeX Font Info:    Font shape `TU/Yas(2)/m/n' will be
(Font)              scaled to size 9.19995pt on input line 252.
LaTeX Font Info:    Font shape `TU/Yas(2)/bx/n' in size <8> not available
(Font)              Font shape `TU/Yas(2)/b/n' tried instead on input line 252.

LaTeX Font Info:    Font shape `TU/Yas(2)/b/n' will be
(Font)              scaled to size 9.19995pt on input line 252.
LaTeX Font Info:    Font shape `TU/Yas(2)/m/it' will be
(Font)              scaled to size 9.19995pt on input line 252.
LaTeX Font Info:    Font shape `TU/Yas(0)/b/n' will be
(Font)              scaled to size 10.56006pt on input line 252.

Underfull \vbox (badness 10000) has occurred while \output is active []

 [21]
File: figures/Word2Latex.jpg Graphic file (type bmp)
<figures/Word2Latex.jpg>
File: figures/Latex2Word.jpg Graphic file (type bmp)
<figures/Latex2Word.jpg>

Underfull \vbox (badness 10000) has occurred while \output is active []

 [22]
[23]
Underfull \hbox (badness 10000) in paragraph at lines 386--386
[][]|\TU/Yas(0)/m/n/10.95  []
 []


Underfull \hbox (badness 10000) in paragraph at lines 392--392
[]\TU/Yas(0)/m/n/10.95   []
 []


Underfull \hbox (badness 10000) in paragraph at lines 395--395
[][]|\TU/Yas(0)/m/n/10.95   []
 []


Overfull \hbox (17.35439pt too wide) in paragraph at lines 396--397
[][]|[][][][]\TU/TimesNewRoman(0)/m/n/10 https://bayanbox.ir/download/566658290
3691050488/Sample-[][][][]
 []


Underfull \hbox (badness 10000) in paragraph at lines 398--398
[][]|\TU/Yas(0)/m/n/10.95   []
 []


Underfull \hbox (badness 10000) in paragraph at lines 398--398
[]\TU/Yas(0)/m/n/10.95   []
 []


Overfull \hbox (5.08434pt too wide) in paragraph at lines 399--400
[][]|[][][][]\TU/TimesNewRoman(0)/m/n/10 https://bayanbox.ir/download/630987726
9920220013/Slide-[][][][]
 []


Underfull \hbox (badness 10000) in paragraph at lines 401--401
[][]|\TU/Yas(0)/m/n/10.95  []
 []


Underfull \hbox (badness 10000) in paragraph at lines 402--403
[][]|[][][][]\TU/TimesNewRoman(0)/m/n/6 http://mesforush.staff.shahroodut.ac.ir
/category/%D8%A2%D9%85%D9%88%D8%B2%D8%B4-[][][][]
 []


Underfull \hbox (badness 10000) in paragraph at lines 404--404
[][]|\TU/Yas(0)/m/n/10.95  -[]
 []


Overfull \hbox (25.19997pt too wide) in paragraph at lines 385--408
[][] []
 []

)
Underfull \vbox (badness 10000) has occurred while \output is active []

 [24]
[25]
\openout2 = `chapter3.aux'.

 (./chapter3.tex [26



]
 3.
[27]
Overfull \hbox (16.66104pt too wide) in paragraph at lines 10--17
[][]\TU/Yas(0)/m/n/10.95          
    [][][]\TU/lmtt/m/n/10.95 yazd-thesis[][]
 []


Underfull \vbox (badness 10000) has occurred while \output is active []



Package Fancyhdr Warning: \headheight is too small (17.82056pt): 
Make it at least 17.84172pt.
We now make it that large for the rest of the document.
This may cause the page layout to be inconsistent, however.

[28]
LaTeX Font Info:    Font shape `TU/TimesNewRoman(0)/m/n' will be
(Font)              scaled to size 9.49002pt on input line 75.

Underfull \hbox (badness 10000) in paragraph at lines 78--81
[][]
 []


Underfull \vbox (badness 1107) has occurred while \output is active []

 [29]
Overfull \hbox (16.32033pt too wide) in paragraph at lines 161--165
[]\TU/Yas(0)/m/n/10.95      ([]\TU/TimesNewRoman(0)/m/n/
10.95 definition[]\TU/Yas(0)/m/n/10.95 )  ([]\TU/TimesNewRoman(0)/m/n/10
.95 observation[]\TU/Yas(0)/m/n/10.95 )  ([]\TU/TimesNewRoman(0)/m/n/10.95
 theorem[]\TU/Yas(0)/m/n/10.95 )[]
 []


Underfull \vbox (badness 10000) has occurred while \output is active []

 [30]
LaTeX Font Info:    Font shape `TU/Yas(0)/m/it' will be
(Font)              scaled to size 14.45407pt on input line 173.
LaTeX Font Info:    Font shape `TU/Yas(0)/b/it' will be
(Font)              scaled to size 14.45407pt on input line 173.
LaTeX Font Info:    Font shape `TU/Yas(1)/m/it' will be
(Font)              scaled to size 12.59242pt on input line 180.
LaTeX Font Info:    Font shape `TU/Yas(1)/b/n' will be
(Font)              scaled to size 9.19995pt on input line 206.
File: figures/Fibonacci.pdf Graphic file (type pdf)
<use figures/Fibonacci.pdf>


LaTeX Font Warning: Font shape `TU/Yas(0)/m/sc' undefined
(Font)              using `TU/Yas(0)/m/n' instead on input line 255.

[31] [32] [33] [34]
File: figures/Print-PDF.png Graphic file (type bmp)
<figures/Print-PDF.png>

Underfull \vbox (badness 10000) has occurred while \output is active []

 [35])
[36]
\openout2 = `chapter4.aux'.

 (./chapter4.tex
 4.
[37



]
File: figures/Proposal-chart_Part1.pdf Graphic file (type pdf)
<use figures/Proposal-chart_Part1.pdf>
File: figures/Proposal-chart_Part2.pdf Graphic file (type pdf)
<use figures/Proposal-chart_Part2.pdf>

Underfull \vbox (badness 10000) has occurred while \output is active []

 [38]
Underfull \vbox (badness 10000) has occurred while \output is active []

 [39]
[40] [41]
Overfull \hbox (5.4582pt too wide) in paragraph at lines 111--114
[]\TU/Yas(0)/m/n/10.95 ...)          
  []
 []

[42] [43]
Underfull \vbox (badness 10000) has occurred while \output is active []

 [44]
File: figures/defence-chart_Part1.pdf Graphic file (type pdf)
<use figures/defence-chart_Part1.pdf>
File: figures/defence-chart_Part2.pdf Graphic file (type pdf)
<use figures/defence-chart_Part2.pdf>

Underfull \vbox (badness 10000) has occurred while \output is active []

 [45]
Underfull \vbox (badness 10000) has occurred while \output is active []

 [46]
Overfull \hbox (2.96463pt too wide) in paragraph at lines 231--231
[][]\TU/Yas(0)/b/n/14.4        []
 []


Underfull \vbox (badness 10000) has occurred while \output is active []

 [47]
[48]
Overfull \hbox (76.24173pt too wide) in paragraph at lines 268--278
 [][][] 
 []

[49] [50] [51] [52] [53]
File: figures/Irandoc.pdf Graphic file (type pdf)
<use figures/Irandoc.pdf>

Underfull \vbox (badness 10000) has occurred while \output is active []

 [54]
[55] [56]
Underfull \vbox (badness 10000) has occurred while \output is active []

 [57])
[58]
\openout2 = `chapter5.aux'.

 (./chapter5.tex
 5.
[59



])

Package Fancyhdr Warning: \headheight is too small (17.84172pt): 
Make it at least 18.34988pt.
We now make it that large for the rest of the document.
This may cause the page layout to be inconsistent, however.

[60] (./yazd-thesis-template.bbl [61


] [62

]
LaTeX Font Info:    Font shape `TU/TimesNewRoman(0)/m/sc' will be
(Font)              scaled to size 14.23502pt on input line 9.
LaTeX Font Info:    Font shape `TU/TimesNewRoman(0)/m/it' will be
(Font)              scaled to size 14.23502pt on input line 11.
LaTeX Font Info:    Font shape `TU/Yas(0)/m/sc' will be
(Font)              scaled to size 14.45407pt on input line 100.
 [63]) [64] [65

]
\openout2 = `appendix1.aux'.

 (./appendix1.tex
[66


]
 .
[67]
File: figures/proposal-procedure.pdf Graphic file (type pdf)
<use figures/proposal-procedure.pdf>
File: figures/proposal-procedure.pdf Graphic file (type pdf)
<use figures/proposal-procedure.pdf>
File: figures/proposal-procedure.pdf Graphic file (type pdf)
<use figures/proposal-procedure.pdf, page 1>
File: figures/proposal-procedure.pdf Graphic file (type pdf)
<use figures/proposal-procedure.pdf, page 1>
File: figures/proposal-procedure.pdf Graphic file (type pdf)
<use figures/proposal-procedure.pdf, page 1>
File: figures/proposal-procedure.pdf Graphic file (type pdf)
<use figures/proposal-procedure.pdf, page 1>
File: figures/proposal-procedure.pdf Graphic file (type pdf)
<use figures/proposal-procedure.pdf, page 1>
 [68]
File: figures/proposal-procedure.pdf Graphic file (type pdf)
<use figures/proposal-procedure.pdf, page 2>
File: figures/proposal-procedure.pdf Graphic file (type pdf)
<use figures/proposal-procedure.pdf, page 2>
File: figures/proposal-procedure.pdf Graphic file (type pdf)
<use figures/proposal-procedure.pdf, page 2>
 [69]
File: figures/proposal-procedure.pdf Graphic file (type pdf)
<use figures/proposal-procedure.pdf, page 3>
File: figures/proposal-procedure.pdf Graphic file (type pdf)
<use figures/proposal-procedure.pdf, page 3>
File: figures/proposal-procedure.pdf Graphic file (type pdf)
<use figures/proposal-procedure.pdf, page 3>
 [70]
File: figures/proposal-procedure.pdf Graphic file (type pdf)
<use figures/proposal-procedure.pdf, page 4>
File: figures/proposal-procedure.pdf Graphic file (type pdf)
<use figures/proposal-procedure.pdf, page 4>
File: figures/proposal-procedure.pdf Graphic file (type pdf)
<use figures/proposal-procedure.pdf, page 4>
 [71]
File: figures/proposal-procedure.pdf Graphic file (type pdf)
<use figures/proposal-procedure.pdf, page 5>
File: figures/proposal-procedure.pdf Graphic file (type pdf)
<use figures/proposal-procedure.pdf, page 5>
File: figures/proposal-procedure.pdf Graphic file (type pdf)
<use figures/proposal-procedure.pdf, page 5>
 [72]
File: figures/proposal-procedure.pdf Graphic file (type pdf)
<use figures/proposal-procedure.pdf, page 6>
File: figures/proposal-procedure.pdf Graphic file (type pdf)
<use figures/proposal-procedure.pdf, page 6>
File: figures/proposal-procedure.pdf Graphic file (type pdf)
<use figures/proposal-procedure.pdf, page 6>
 [73]
File: figures/proposal-procedure.pdf Graphic file (type pdf)
<use figures/proposal-procedure.pdf, page 7>
File: figures/proposal-procedure.pdf Graphic file (type pdf)
<use figures/proposal-procedure.pdf, page 7>
File: figures/proposal-procedure.pdf Graphic file (type pdf)
<use figures/proposal-procedure.pdf, page 7>
 [74]
File: figures/proposal-procedure.pdf Graphic file (type pdf)
<use figures/proposal-procedure.pdf, page 8>
File: figures/proposal-procedure.pdf Graphic file (type pdf)
<use figures/proposal-procedure.pdf, page 8>
File: figures/proposal-procedure.pdf Graphic file (type pdf)
<use figures/proposal-procedure.pdf, page 8>
 [75]
File: figures/proposal-procedure.pdf Graphic file (type pdf)
<use figures/proposal-procedure.pdf, page 9>
File: figures/proposal-procedure.pdf Graphic file (type pdf)
<use figures/proposal-procedure.pdf, page 9>
File: figures/proposal-procedure.pdf Graphic file (type pdf)
<use figures/proposal-procedure.pdf, page 9>
 [76]
File: figures/proposal-procedure.pdf Graphic file (type pdf)
<use figures/proposal-procedure.pdf, page 10>
File: figures/proposal-procedure.pdf Graphic file (type pdf)
<use figures/proposal-procedure.pdf, page 10>
File: figures/proposal-procedure.pdf Graphic file (type pdf)
<use figures/proposal-procedure.pdf, page 10>
 [77]
File: figures/proposal-procedure.pdf Graphic file (type pdf)
<use figures/proposal-procedure.pdf, page 11>
File: figures/proposal-procedure.pdf Graphic file (type pdf)
<use figures/proposal-procedure.pdf, page 11>
File: figures/proposal-procedure.pdf Graphic file (type pdf)
<use figures/proposal-procedure.pdf, page 11>
 [78]
File: figures/proposal-procedure.pdf Graphic file (type pdf)
<use figures/proposal-procedure.pdf, page 12>
File: figures/proposal-procedure.pdf Graphic file (type pdf)
<use figures/proposal-procedure.pdf, page 12>
File: figures/proposal-procedure.pdf Graphic file (type pdf)
<use figures/proposal-procedure.pdf, page 12>
 [79]
File: figures/proposal-procedure.pdf Graphic file (type pdf)
<use figures/proposal-procedure.pdf, page 13>
File: figures/proposal-procedure.pdf Graphic file (type pdf)
<use figures/proposal-procedure.pdf, page 13>
File: figures/proposal-procedure.pdf Graphic file (type pdf)
<use figures/proposal-procedure.pdf, page 13>
 [80]
File: figures/proposal-procedure.pdf Graphic file (type pdf)
<use figures/proposal-procedure.pdf, page 14>
File: figures/proposal-procedure.pdf Graphic file (type pdf)
<use figures/proposal-procedure.pdf, page 14>
File: figures/proposal-procedure.pdf Graphic file (type pdf)
<use figures/proposal-procedure.pdf, page 14>
 [81]
File: figures/proposal-procedure.pdf Graphic file (type pdf)
<use figures/proposal-procedure.pdf, page 15>
File: figures/proposal-procedure.pdf Graphic file (type pdf)
<use figures/proposal-procedure.pdf, page 15>
File: figures/proposal-procedure.pdf Graphic file (type pdf)
<use figures/proposal-procedure.pdf, page 15>

[82]
File: figures/proposal-procedure.pdf Graphic file (type pdf)
<use figures/proposal-procedure.pdf, page 16>
File: figures/proposal-procedure.pdf Graphic file (type pdf)
<use figures/proposal-procedure.pdf, page 16>
File: figures/proposal-procedure.pdf Graphic file (type pdf)
<use figures/proposal-procedure.pdf, page 16>
 [83]
File: figures/proposal-procedure.pdf Graphic file (type pdf)
<use figures/proposal-procedure.pdf, page 17>
File: figures/proposal-procedure.pdf Graphic file (type pdf)
<use figures/proposal-procedure.pdf, page 17>
File: figures/proposal-procedure.pdf Graphic file (type pdf)
<use figures/proposal-procedure.pdf, page 17>
 [84]
File: figures/proposal-procedure.pdf Graphic file (type pdf)
<use figures/proposal-procedure.pdf, page 18>
File: figures/proposal-procedure.pdf Graphic file (type pdf)
<use figures/proposal-procedure.pdf, page 18>
File: figures/proposal-procedure.pdf Graphic file (type pdf)
<use figures/proposal-procedure.pdf, page 18>
 [85]
File: figures/proposal-procedure.pdf Graphic file (type pdf)
<use figures/proposal-procedure.pdf, page 19>
File: figures/proposal-procedure.pdf Graphic file (type pdf)
<use figures/proposal-procedure.pdf, page 19>
File: figures/proposal-procedure.pdf Graphic file (type pdf)
<use figures/proposal-procedure.pdf, page 19>
 [86]
File: figures/proposal-procedure.pdf Graphic file (type pdf)
<use figures/proposal-procedure.pdf, page 20>
File: figures/proposal-procedure.pdf Graphic file (type pdf)
<use figures/proposal-procedure.pdf, page 20>
File: figures/proposal-procedure.pdf Graphic file (type pdf)
<use figures/proposal-procedure.pdf, page 20>
 [87]
File: figures/proposal-procedure.pdf Graphic file (type pdf)
<use figures/proposal-procedure.pdf, page 21>
File: figures/proposal-procedure.pdf Graphic file (type pdf)
<use figures/proposal-procedure.pdf, page 21>
File: figures/proposal-procedure.pdf Graphic file (type pdf)
<use figures/proposal-procedure.pdf, page 21>
 [88]
File: figures/proposal-procedure.pdf Graphic file (type pdf)
<use figures/proposal-procedure.pdf, page 22>
File: figures/proposal-procedure.pdf Graphic file (type pdf)
<use figures/proposal-procedure.pdf, page 22>
File: figures/proposal-procedure.pdf Graphic file (type pdf)
<use figures/proposal-procedure.pdf, page 22>
 [89]
File: figures/proposal-procedure.pdf Graphic file (type pdf)
<use figures/proposal-procedure.pdf, page 23>
File: figures/proposal-procedure.pdf Graphic file (type pdf)
<use figures/proposal-procedure.pdf, page 23>
File: figures/proposal-procedure.pdf Graphic file (type pdf)
<use figures/proposal-procedure.pdf, page 23>
 [90]
File: figures/proposal-procedure.pdf Graphic file (type pdf)
<use figures/proposal-procedure.pdf, page 24>
File: figures/proposal-procedure.pdf Graphic file (type pdf)
<use figures/proposal-procedure.pdf, page 24>
File: figures/proposal-procedure.pdf Graphic file (type pdf)
<use figures/proposal-procedure.pdf, page 24>
 [91]
File: figures/proposal-procedure.pdf Graphic file (type pdf)
<use figures/proposal-procedure.pdf, page 25>
File: figures/proposal-procedure.pdf Graphic file (type pdf)
<use figures/proposal-procedure.pdf, page 25>
File: figures/proposal-procedure.pdf Graphic file (type pdf)
<use figures/proposal-procedure.pdf, page 25>
 [92]
File: figures/proposal-procedure.pdf Graphic file (type pdf)
<use figures/proposal-procedure.pdf, page 26>
File: figures/proposal-procedure.pdf Graphic file (type pdf)
<use figures/proposal-procedure.pdf, page 26>
File: figures/proposal-procedure.pdf Graphic file (type pdf)
<use figures/proposal-procedure.pdf, page 26>
 [93]
File: figures/proposal-procedure.pdf Graphic file (type pdf)
<use figures/proposal-procedure.pdf, page 27>
File: figures/proposal-procedure.pdf Graphic file (type pdf)
<use figures/proposal-procedure.pdf, page 27>
File: figures/proposal-procedure.pdf Graphic file (type pdf)
<use figures/proposal-procedure.pdf, page 27>
 [94]
File: figures/proposal-procedure.pdf Graphic file (type pdf)
<use figures/proposal-procedure.pdf, page 28>
File: figures/proposal-procedure.pdf Graphic file (type pdf)
<use figures/proposal-procedure.pdf, page 28>
File: figures/proposal-procedure.pdf Graphic file (type pdf)
<use figures/proposal-procedure.pdf, page 28>
 [95]
File: figures/proposal-procedure.pdf Graphic file (type pdf)
<use figures/proposal-procedure.pdf, page 29>
File: figures/proposal-procedure.pdf Graphic file (type pdf)
<use figures/proposal-procedure.pdf, page 29>
File: figures/proposal-procedure.pdf Graphic file (type pdf)
<use figures/proposal-procedure.pdf, page 29>
 [96]
File: figures/proposal-procedure.pdf Graphic file (type pdf)
<use figures/proposal-procedure.pdf, page 30>
File: figures/proposal-procedure.pdf Graphic file (type pdf)
<use figures/proposal-procedure.pdf, page 30>
File: figures/proposal-procedure.pdf Graphic file (type pdf)
<use figures/proposal-procedure.pdf, page 30>

[97]
File: figures/proposal-procedure.pdf Graphic file (type pdf)
<use figures/proposal-procedure.pdf, page 31>
File: figures/proposal-procedure.pdf Graphic file (type pdf)
<use figures/proposal-procedure.pdf, page 31>
File: figures/proposal-procedure.pdf Graphic file (type pdf)
<use figures/proposal-procedure.pdf, page 31>
 [98]
File: figures/proposal-procedure.pdf Graphic file (type pdf)
<use figures/proposal-procedure.pdf, page 32>
File: figures/proposal-procedure.pdf Graphic file (type pdf)
<use figures/proposal-procedure.pdf, page 32>
File: figures/proposal-procedure.pdf Graphic file (type pdf)
<use figures/proposal-procedure.pdf, page 32>
 [99]
File: figures/proposal-procedure.pdf Graphic file (type pdf)
<use figures/proposal-procedure.pdf, page 33>
File: figures/proposal-procedure.pdf Graphic file (type pdf)
<use figures/proposal-procedure.pdf, page 33>
File: figures/proposal-procedure.pdf Graphic file (type pdf)
<use figures/proposal-procedure.pdf, page 33>
 [100]
File: figures/proposal-procedure.pdf Graphic file (type pdf)
<use figures/proposal-procedure.pdf, page 34>
File: figures/proposal-procedure.pdf Graphic file (type pdf)
<use figures/proposal-procedure.pdf, page 34>
File: figures/proposal-procedure.pdf Graphic file (type pdf)
<use figures/proposal-procedure.pdf, page 34>
 [101])
\openout2 = `dicen2fa.aux'.

 (./dicen2fa.tex [102



])
Underfull \hbox (badness 10000) in paragraph at lines 5--162
[][]
 []

[103

] [104


]
No file yazd-thesis-template.ind.
(./eninfo.tex
*geometry* verbose mode - [ newgeometry ] result:
* driver: xetex
* paper: <default>
* layout: <same size as paper>
* layoutoffset:(h,v)=(0.0pt,0.0pt)
* modes: twoside 
* h-part:(L,W,R)=(71.13188pt, 412.56497pt, 113.81102pt)
* v-part:(T,H,B)=(101.40665pt, 591.5302pt, 152.11pt)
* \paperwidth=597.50787pt
* \paperheight=845.04684pt
* \textwidth=412.56497pt
* \textheight=591.5302pt
* \oddsidemargin=-1.1381pt
* \evensidemargin=41.54103pt
* \topmargin=-2.73714pt
* \headheight=12.0pt
* \headsep=19.8738pt
* \topskip=11.0pt
* \footskip=42.67914pt
* \marginparwidth=106.0pt
* \marginparsep=7.0pt
* \columnsep=10.0pt
* \skip\footins=10.0pt plus 4.0pt minus 2.0pt
* \hoffset=0.0pt
* \voffset=0.0pt
* \mag=1000
* \@twocolumnfalse
* \@twosidetrue
* \@mparswitchtrue
* \@reversemarginfalse
* (1in=72.27pt=25.4mm, 1cm=28.453pt)

 [105


] [106

]
File: figures/logo.jpg Graphic file (type bmp)
<figures/logo.jpg>
LaTeX Font Info:    Font shape `TU/TimesNewRoman(1)/m/n' will be
(Font)              scaled to size 10.95pt on input line 44.
LaTeX Font Info:    Font shape `TU/TimesNewRoman(1)/m/n' will be
(Font)              scaled to size 20.74pt on input line 44.
LaTeX Font Info:    Font shape `TU/TimesNewRoman(1)/b/n' will be
(Font)              scaled to size 20.74pt on input line 44.
LaTeX Font Info:    Font shape `TU/TimesNewRoman(1)/m/n' will be
(Font)              scaled to size 14.4pt on input line 44.
LaTeX Font Info:    Font shape `TU/TimesNewRoman(1)/b/n' will be
(Font)              scaled to size 14.4pt on input line 44.
LaTeX Font Info:    Font shape `TU/TimesNewRoman(1)/m/n' will be
(Font)              scaled to size 12.0pt on input line 44.
LaTeX Font Info:    Font shape `TU/TimesNewRoman(1)/m/n' will be
(Font)              scaled to size 24.88pt on input line 44.
LaTeX Font Info:    Font shape `TU/TimesNewRoman(1)/b/n' will be
(Font)              scaled to size 24.88pt on input line 44.
LaTeX Font Info:    Font shape `TU/TimesNewRoman(1)/b/n' will be
(Font)              scaled to size 12.0pt on input line 44.
 [107])
Package atveryend Info: Empty hook `BeforeClearDocument' on input line 165.
Package atveryend Info: Empty hook `AfterLastShipout' on input line 165.
 (./yazd-thesis-template.aux (./chapter1.aux)
(./chapter2.aux) (./chapter3.aux) (./chapter4.aux) (./chapter5.aux)
(./appendix1.aux) (./dicen2fa.aux))
Package atveryend Info: Empty hook `AtVeryEndDocument' on input line 165.
Package atveryend Info: Executing hook `AtEndAfterFileList' on input line 165.
Package rerunfilecheck Info: File `yazd-thesis-template.out' has not changed.
(rerunfilecheck)             Checksum: B70E636D6E4170EACA5192F24BA9BDA2;5446.


LaTeX Font Warning: Size substitutions with differences
(Font)              up to 0.5pt have occurred.


LaTeX Font Warning: Some font shapes were not available, defaults substituted.


LaTeX Warning: There were multiply-defined labels.

Package atveryend Info: Empty hook `AtVeryVeryEnd' on input line 165.
 ) 
Here is how much of TeX's memory you used:
 25454 strings out of 479418
 483064 string characters out of 5888105
 851819 words of memory out of 5000000
 42253 multiletter control sequences out of 15000+600000
 546257 words of font info for 236 fonts, out of 8000000 for 9000
 1348 hyphenation exceptions out of 8191
 52i,18n,82p,2953b,576s stack positions out of 5000i,500n,10000p,200000b,80000s

Output written on yazd-thesis-template.pdf (123 pages).
